mode: set
PetPalApp/features/product/service/logic.go:22.117,28.2 1 1
PetPalApp/features/product/service/logic.go:34.118,35.13 1 1
PetPalApp/features/product/service/logic.go:35.13,37.3 1 0
PetPalApp/features/product/service/logic.go:38.2,38.111 1 1
PetPalApp/features/product/service/logic.go:38.111,40.3 1 0
PetPalApp/features/product/service/logic.go:41.2,44.21 4 1
PetPalApp/features/product/service/logic.go:44.21,46.3 1 0
PetPalApp/features/product/service/logic.go:47.2,51.16 4 1
PetPalApp/features/product/service/logic.go:51.16,53.3 1 0
PetPalApp/features/product/service/logic.go:54.2,54.34 1 1
PetPalApp/features/product/service/logic.go:57.124,58.20 1 1
PetPalApp/features/product/service/logic.go:58.20,60.17 2 1
PetPalApp/features/product/service/logic.go:60.17,62.4 1 0
PetPalApp/features/product/service/logic.go:63.3,63.67 1 1
PetPalApp/features/product/service/logic.go:63.67,66.4 2 0
PetPalApp/features/product/service/logic.go:66.9,68.4 1 1
PetPalApp/features/product/service/logic.go:69.8,69.28 1 0
PetPalApp/features/product/service/logic.go:69.28,71.17 2 0
PetPalApp/features/product/service/logic.go:71.17,73.4 1 0
PetPalApp/features/product/service/logic.go:74.3,74.22 1 0
PetPalApp/features/product/service/logic.go:76.8,78.17 2 0
PetPalApp/features/product/service/logic.go:78.17,80.4 1 0
PetPalApp/features/product/service/logic.go:81.3,81.22 1 0
PetPalApp/features/product/service/logic.go:85.95,86.13 1 1
PetPalApp/features/product/service/logic.go:86.13,88.3 1 0
PetPalApp/features/product/service/logic.go:90.2,90.17 1 1
PetPalApp/features/product/service/logic.go:90.17,92.3 1 1
PetPalApp/features/product/service/logic.go:92.8,94.3 1 0
PetPalApp/features/product/service/logic.go:97.140,98.20 1 0
PetPalApp/features/product/service/logic.go:98.20,100.17 2 0
PetPalApp/features/product/service/logic.go:100.17,102.4 1 0
PetPalApp/features/product/service/logic.go:103.3,103.67 1 0
PetPalApp/features/product/service/logic.go:103.67,106.4 2 0
PetPalApp/features/product/service/logic.go:106.9,108.4 1 0
PetPalApp/features/product/service/logic.go:109.8,109.28 1 0
PetPalApp/features/product/service/logic.go:109.28,111.17 2 0
PetPalApp/features/product/service/logic.go:111.17,113.4 1 0
PetPalApp/features/product/service/logic.go:114.3,114.22 1 0
PetPalApp/features/product/service/logic.go:116.8,118.17 2 0
PetPalApp/features/product/service/logic.go:118.17,120.4 1 0
PetPalApp/features/product/service/logic.go:121.3,121.22 1 0
PetPalApp/features/product/service/logic.go:125.135,126.13 1 1
PetPalApp/features/product/service/logic.go:126.13,128.3 1 0
PetPalApp/features/product/service/logic.go:130.2,130.42 1 1
PetPalApp/features/product/service/logic.go:130.42,134.22 4 1
PetPalApp/features/product/service/logic.go:134.22,136.4 1 0
PetPalApp/features/product/service/logic.go:137.3,137.39 1 1
PetPalApp/features/product/service/logic.go:140.2,141.16 2 1
PetPalApp/features/product/service/logic.go:141.16,143.3 1 0
PetPalApp/features/product/service/logic.go:144.2,144.34 1 1
PetPalApp/features/product/service/logic.go:147.61,148.13 1 1
PetPalApp/features/product/service/logic.go:148.13,150.3 1 0
PetPalApp/features/product/service/logic.go:151.2,151.41 1 1
PetPalApp/features/user/service/logic.go:20.106,26.2 1 1
PetPalApp/features/user/service/logic.go:32.53,38.16 4 1
PetPalApp/features/user/service/logic.go:38.16,40.3 1 0
PetPalApp/features/user/service/logic.go:41.2,41.12 1 1
PetPalApp/features/user/service/logic.go:44.103,46.16 2 1
PetPalApp/features/user/service/logic.go:46.16,48.3 1 0
PetPalApp/features/user/service/logic.go:49.2,50.19 2 1
PetPalApp/features/user/service/logic.go:50.19,52.3 1 0
PetPalApp/features/user/service/logic.go:53.2,54.19 2 1
PetPalApp/features/user/service/logic.go:54.19,56.3 1 0
PetPalApp/features/user/service/logic.go:57.2,57.25 1 1
PetPalApp/features/user/service/logic.go:60.72,61.13 1 1
PetPalApp/features/user/service/logic.go:61.13,63.3 1 1
PetPalApp/features/user/service/logic.go:64.2,64.34 1 1
PetPalApp/features/user/service/logic.go:67.116,68.13 1 1
PetPalApp/features/user/service/logic.go:68.13,70.3 1 1
PetPalApp/features/user/service/logic.go:72.2,72.26 1 1
PetPalApp/features/user/service/logic.go:72.26,74.21 2 1
PetPalApp/features/user/service/logic.go:74.21,76.4 1 0
PetPalApp/features/user/service/logic.go:77.3,77.26 1 1
PetPalApp/features/user/service/logic.go:79.2,79.42 1 1
PetPalApp/features/user/service/logic.go:79.42,83.22 4 1
PetPalApp/features/user/service/logic.go:83.22,85.4 1 0
PetPalApp/features/user/service/logic.go:86.3,86.39 1 1
PetPalApp/features/user/service/logic.go:89.2,90.16 2 1
PetPalApp/features/user/service/logic.go:90.16,92.3 1 0
PetPalApp/features/user/service/logic.go:93.2,93.34 1 1
PetPalApp/features/user/service/logic.go:96.45,97.13 1 1
PetPalApp/features/user/service/logic.go:97.13,99.3 1 1
PetPalApp/features/user/service/logic.go:100.2,100.30 1 1
PetPalApp/features/doctor/service/logic.go:18.85,23.2 1 1
PetPalApp/features/doctor/service/logic.go:25.112,27.48 1 1
PetPalApp/features/doctor/service/logic.go:27.48,29.3 1 0
PetPalApp/features/doctor/service/logic.go:29.8,31.30 2 1
PetPalApp/features/doctor/service/logic.go:31.30,33.4 1 0
PetPalApp/features/doctor/service/logic.go:33.9,34.19 1 1
PetPalApp/features/doctor/service/logic.go:34.19,38.24 4 1
PetPalApp/features/doctor/service/logic.go:38.24,40.6 1 0
PetPalApp/features/doctor/service/logic.go:41.5,41.42 1 1
PetPalApp/features/doctor/service/logic.go:42.10,44.5 1 0
PetPalApp/features/doctor/service/logic.go:46.4,47.18 2 1
PetPalApp/features/doctor/service/logic.go:47.18,49.5 1 0
PetPalApp/features/doctor/service/logic.go:50.4,50.37 1 1
PetPalApp/features/doctor/service/logic.go:55.81,57.2 1 1
PetPalApp/features/doctor/service/logic.go:59.96,63.2 2 1
PetPalApp/features/doctor/service/logic.go:65.131,66.18 1 1
PetPalApp/features/doctor/service/logic.go:66.18,68.3 1 0
PetPalApp/features/doctor/service/logic.go:70.2,70.42 1 1
PetPalApp/features/doctor/service/logic.go:70.42,74.22 4 1
PetPalApp/features/doctor/service/logic.go:74.22,76.4 1 0
PetPalApp/features/doctor/service/logic.go:77.3,77.39 1 1
PetPalApp/features/doctor/service/logic.go:80.2,81.16 2 1
PetPalApp/features/doctor/service/logic.go:81.16,83.3 1 0
PetPalApp/features/doctor/service/logic.go:84.2,84.34 1 1
PetPalApp/features/doctor/service/logic.go:87.53,88.18 1 1
PetPalApp/features/doctor/service/logic.go:88.18,90.3 1 0
PetPalApp/features/doctor/service/logic.go:91.2,91.39 1 1
PetPalApp/features/consultation/service/logic.go:17.137,23.2 1 1
PetPalApp/features/consultation/service/logic.go:25.101,27.30 2 1
PetPalApp/features/consultation/service/logic.go:27.30,29.3 1 1
PetPalApp/features/consultation/service/logic.go:29.8,31.3 1 1
PetPalApp/features/consultation/service/logic.go:34.119,36.20 1 1
PetPalApp/features/consultation/service/logic.go:36.20,39.3 2 1
PetPalApp/features/consultation/service/logic.go:39.8,43.3 3 1
PetPalApp/features/consultation/service/logic.go:46.99,48.2 1 0
PetPalApp/features/consultation/service/logic.go:50.111,52.2 1 1
PetPalApp/features/consultation/service/logic.go:54.115,56.2 1 1
PetPalApp/features/consultation/service/logic.go:58.108,60.2 1 1
PetPalApp/features/chat/service/logic.go:22.233,31.2 1 1
PetPalApp/features/chat/service/logic.go:37.74,38.24 1 1
PetPalApp/features/chat/service/logic.go:38.24,40.3 1 1
PetPalApp/features/chat/service/logic.go:40.8,41.21 1 1
PetPalApp/features/chat/service/logic.go:41.21,43.28 2 1
PetPalApp/features/chat/service/logic.go:43.28,45.5 1 1
PetPalApp/features/chat/service/logic.go:46.4,48.27 3 1
PetPalApp/features/chat/service/logic.go:48.27,50.5 1 1
PetPalApp/features/chat/service/logic.go:51.9,53.28 2 1
PetPalApp/features/chat/service/logic.go:53.28,55.5 1 1
PetPalApp/features/chat/service/logic.go:56.4,60.27 5 1
PetPalApp/features/chat/service/logic.go:60.27,62.5 1 0
PetPalApp/features/chat/service/logic.go:64.3,65.39 2 1
PetPalApp/features/chat/service/logic.go:69.104,71.21 1 1
PetPalApp/features/chat/service/logic.go:71.21,74.24 3 1
PetPalApp/features/chat/service/logic.go:74.24,76.4 1 1
PetPalApp/features/chat/service/logic.go:76.9,79.29 3 1
PetPalApp/features/chat/service/logic.go:79.29,81.5 1 0
PetPalApp/features/chat/service/logic.go:81.10,83.5 1 1
PetPalApp/features/chat/service/logic.go:85.8,87.30 2 1
PetPalApp/features/chat/service/logic.go:87.30,89.4 1 1
PetPalApp/features/chat/service/logic.go:89.9,92.29 3 1
PetPalApp/features/chat/service/logic.go:92.29,94.5 1 0
PetPalApp/features/chat/service/logic.go:94.10,96.5 1 1
PetPalApp/features/chat/service/logic.go:101.91,102.21 1 1
PetPalApp/features/chat/service/logic.go:102.21,104.3 1 1
PetPalApp/features/chat/service/logic.go:105.2,105.21 1 1
PetPalApp/features/chat/service/logic.go:105.21,108.3 2 1
PetPalApp/features/chat/service/logic.go:109.2,110.22 2 1
PetPalApp/features/chat/service/logic.go:110.22,112.3 1 1
PetPalApp/features/chat/service/logic.go:112.8,114.3 1 1
