mode: set
PetPalApp/app/configs/config.go:43.27,52.20 7 0
PetPalApp/app/configs/config.go:52.20,53.32 1 0
PetPalApp/app/configs/config.go:55.2,77.13 10 0
PetPalApp/app/configs/config.go:80.30,82.2 1 0
PetPalApp/main.go:14.13,29.2 11 0
PetPalApp/app/databases/mysql.go:11.51,15.16 3 0
PetPalApp/app/databases/mysql.go:15.16,16.13 1 0
PetPalApp/app/databases/mysql.go:18.2,18.11 1 0
PetPalApp/app/databases/s3.go:13.54,18.16 2 0
PetPalApp/app/databases/s3.go:18.16,20.3 1 0
PetPalApp/app/databases/s3.go:21.2,22.32 2 0
PetPalApp/app/migrations/initMigrations.go:18.34,29.2 10 0
PetPalApp/app/midtrans/midtrans.go:10.64,16.2 5 0
PetPalApp/app/middlewares/jwtMiddleware.go:14.42,19.2 1 0
PetPalApp/app/middlewares/jwtMiddleware.go:22.59,31.2 7 0
PetPalApp/app/middlewares/jwtMiddleware.go:33.62,35.18 2 0
PetPalApp/app/middlewares/jwtMiddleware.go:35.18,37.3 1 0
PetPalApp/app/middlewares/jwtMiddleware.go:39.2,41.76 3 0
PetPalApp/app/middlewares/jwtMiddleware.go:41.76,43.3 1 0
PetPalApp/app/middlewares/jwtMiddleware.go:45.2,45.16 1 0
PetPalApp/app/middlewares/jwtMiddleware.go:45.16,48.3 2 0
PetPalApp/app/middlewares/jwtMiddleware.go:50.2,50.20 1 0
PetPalApp/app/middlewares/jwtMiddleware.go:50.20,54.37 4 0
PetPalApp/app/middlewares/jwtMiddleware.go:54.37,57.4 2 0
PetPalApp/app/middlewares/jwtMiddleware.go:58.3,58.32 1 0
PetPalApp/app/middlewares/jwtMiddleware.go:61.2,62.43 2 0
PetPalApp/features/availdaydoctor/data/model.go:19.66,20.33 1 0
PetPalApp/features/availdaydoctor/data/model.go:20.33,22.3 1 0
PetPalApp/features/availdaydoctor/data/model.go:23.2,23.34 1 0
PetPalApp/features/availdaydoctor/data/model.go:23.34,25.3 1 0
PetPalApp/features/availdaydoctor/data/model.go:26.2,26.36 1 0
PetPalApp/features/availdaydoctor/data/model.go:26.36,28.3 1 0
PetPalApp/features/availdaydoctor/data/model.go:29.2,29.35 1 0
PetPalApp/features/availdaydoctor/data/model.go:29.35,31.3 1 0
PetPalApp/features/availdaydoctor/data/model.go:32.2,32.33 1 0
PetPalApp/features/availdaydoctor/data/model.go:32.33,34.3 1 0
PetPalApp/features/availdaydoctor/data/model.go:35.2,41.3 1 0
PetPalApp/features/admin/service/logic.go:24.142,31.2 1 0
PetPalApp/features/admin/service/logic.go:33.58,35.71 1 0
PetPalApp/features/admin/service/logic.go:35.71,37.3 1 0
PetPalApp/features/admin/service/logic.go:39.2,40.91 2 0
PetPalApp/features/admin/service/logic.go:40.91,42.3 1 0
PetPalApp/features/admin/service/logic.go:44.2,44.32 1 0
PetPalApp/features/admin/service/logic.go:44.32,46.3 1 0
PetPalApp/features/admin/service/logic.go:48.2,48.38 1 0
PetPalApp/features/admin/service/logic.go:51.106,53.16 2 0
PetPalApp/features/admin/service/logic.go:53.16,55.3 1 0
PetPalApp/features/admin/service/logic.go:57.2,58.19 2 0
PetPalApp/features/admin/service/logic.go:58.19,60.3 1 0
PetPalApp/features/admin/service/logic.go:62.2,63.19 2 0
PetPalApp/features/admin/service/logic.go:63.19,65.3 1 0
PetPalApp/features/admin/service/logic.go:66.2,66.25 1 0
PetPalApp/features/admin/service/logic.go:69.71,71.16 2 0
PetPalApp/features/admin/service/logic.go:71.16,73.3 1 0
PetPalApp/features/admin/service/logic.go:74.2,74.21 1 0
PetPalApp/features/admin/service/logic.go:77.52,79.16 2 0
PetPalApp/features/admin/service/logic.go:79.16,81.3 1 0
PetPalApp/features/admin/service/logic.go:82.2,82.12 1 0
PetPalApp/features/admin/service/logic.go:85.115,87.103 1 0
PetPalApp/features/admin/service/logic.go:87.103,89.3 1 0
PetPalApp/features/admin/service/logic.go:91.2,91.31 1 0
PetPalApp/features/admin/service/logic.go:91.31,93.21 2 0
PetPalApp/features/admin/service/logic.go:93.21,95.4 1 0
PetPalApp/features/admin/service/logic.go:96.3,96.31 1 0
PetPalApp/features/admin/service/logic.go:99.2,99.42 1 0
PetPalApp/features/admin/service/logic.go:99.42,103.22 4 0
PetPalApp/features/admin/service/logic.go:103.22,105.4 1 0
PetPalApp/features/admin/service/logic.go:106.3,106.44 1 0
PetPalApp/features/admin/service/logic.go:109.2,110.16 2 0
PetPalApp/features/admin/service/logic.go:110.16,112.3 1 0
PetPalApp/features/admin/service/logic.go:114.2,114.52 1 0
PetPalApp/features/admin/service/logic.go:114.52,116.3 1 0
PetPalApp/features/admin/service/logic.go:118.2,118.50 1 0
PetPalApp/features/admin/service/logic.go:121.103,126.17 4 0
PetPalApp/features/admin/service/logic.go:126.17,128.3 1 0
PetPalApp/features/admin/service/logic.go:128.8,130.3 1 0
PetPalApp/features/admin/service/logic.go:131.2,131.24 1 0
PetPalApp/features/admin/service/logic.go:131.24,133.3 1 0
PetPalApp/features/admin/service/logic.go:135.2,136.29 2 0
PetPalApp/features/admin/service/logic.go:136.29,139.29 3 0
PetPalApp/features/admin/service/logic.go:139.29,141.4 1 0
PetPalApp/features/admin/service/logic.go:142.3,143.31 2 0
PetPalApp/features/admin/service/logic.go:143.31,145.4 1 0
PetPalApp/features/admin/service/logic.go:147.3,148.30 2 0
PetPalApp/features/admin/service/logic.go:148.30,150.4 1 0
PetPalApp/features/admin/service/logic.go:151.3,161.5 1 0
PetPalApp/features/admin/service/logic.go:163.2,163.17 1 0
PetPalApp/features/admin/service/logic.go:163.17,165.3 1 0
PetPalApp/features/admin/service/logic.go:165.8,169.3 2 0
PetPalApp/features/admin/service/logic.go:172.65,200.2 7 0
PetPalApp/app/routers/router.go:47.98,134.2 62 0
PetPalApp/features/availdaydoctor/handler/request.go:16.82,25.2 1 0
PetPalApp/features/availdaydoctor/handler/response.go:14.64,22.2 1 0
PetPalApp/features/admin/data/query.go:13.40,17.2 1 0
PetPalApp/features/admin/data/query.go:19.56,31.21 3 0
PetPalApp/features/admin/data/query.go:31.21,33.3 1 0
PetPalApp/features/admin/data/query.go:35.2,35.12 1 0
PetPalApp/features/admin/data/query.go:38.71,41.21 3 0
PetPalApp/features/admin/data/query.go:41.21,43.3 1 0
PetPalApp/features/admin/data/query.go:45.2,47.34 2 0
PetPalApp/features/admin/data/query.go:47.34,49.3 1 0
PetPalApp/features/admin/data/query.go:51.2,51.30 1 0
PetPalApp/features/admin/data/query.go:51.30,53.3 1 0
PetPalApp/features/admin/data/query.go:55.2,65.21 2 0
PetPalApp/features/admin/data/query.go:68.68,71.21 3 0
PetPalApp/features/admin/data/query.go:71.21,73.3 1 0
PetPalApp/features/admin/data/query.go:75.2,77.34 2 0
PetPalApp/features/admin/data/query.go:77.34,79.3 1 0
PetPalApp/features/admin/data/query.go:81.2,81.30 1 0
PetPalApp/features/admin/data/query.go:81.30,83.3 1 0
PetPalApp/features/admin/data/query.go:85.2,85.33 1 0
PetPalApp/features/admin/data/query.go:85.33,87.3 1 0
PetPalApp/features/admin/data/query.go:89.2,100.20 2 0
PetPalApp/features/admin/data/query.go:103.50,105.21 2 0
PetPalApp/features/admin/data/query.go:105.21,107.3 1 0
PetPalApp/features/admin/data/query.go:108.2,108.12 1 0
PetPalApp/features/admin/data/query.go:111.73,114.21 3 0
PetPalApp/features/admin/data/query.go:114.21,116.3 1 0
PetPalApp/features/admin/data/query.go:117.2,117.31 1 0
PetPalApp/features/admin/data/query.go:117.31,119.3 1 0
PetPalApp/features/admin/data/query.go:120.2,120.28 1 0
PetPalApp/features/admin/data/query.go:120.28,122.3 1 0
PetPalApp/features/admin/data/query.go:123.2,123.31 1 0
PetPalApp/features/admin/data/query.go:123.31,125.3 1 0
PetPalApp/features/admin/data/query.go:126.2,126.33 1 0
PetPalApp/features/admin/data/query.go:126.33,128.3 1 0
PetPalApp/features/admin/data/query.go:129.2,129.34 1 0
PetPalApp/features/admin/data/query.go:129.34,131.3 1 0
PetPalApp/features/admin/data/query.go:132.2,132.30 1 0
PetPalApp/features/admin/data/query.go:132.30,134.3 1 0
PetPalApp/features/admin/data/query.go:135.2,135.37 1 0
PetPalApp/features/admin/data/query.go:135.37,137.3 1 0
PetPalApp/features/admin/data/query.go:139.2,140.25 2 0
PetPalApp/features/admin/data/query.go:140.25,142.3 1 0
PetPalApp/features/admin/data/query.go:144.2,144.12 1 0
PetPalApp/features/admin/data/query.go:152.62,156.21 3 0
PetPalApp/features/admin/data/query.go:156.21,158.3 1 0
PetPalApp/features/admin/data/query.go:160.2,161.29 2 0
PetPalApp/features/admin/data/query.go:161.29,164.23 2 0
PetPalApp/features/admin/data/query.go:164.23,166.4 1 0
PetPalApp/features/admin/data/query.go:167.3,167.26 1 0
PetPalApp/features/admin/data/query.go:167.26,169.4 1 0
PetPalApp/features/admin/data/query.go:171.3,177.5 1 0
PetPalApp/features/admin/data/query.go:179.2,179.26 1 0
PetPalApp/features/admin/data/query.go:182.70,186.21 3 0
PetPalApp/features/admin/data/query.go:186.21,188.3 1 0
PetPalApp/features/admin/data/query.go:190.2,191.29 2 0
PetPalApp/features/admin/data/query.go:191.29,194.23 2 0
PetPalApp/features/admin/data/query.go:194.23,196.4 1 0
PetPalApp/features/admin/data/query.go:197.3,197.26 1 0
PetPalApp/features/admin/data/query.go:197.26,199.4 1 0
PetPalApp/features/admin/data/query.go:201.3,207.5 1 0
PetPalApp/features/admin/data/query.go:209.2,209.26 1 0
PetPalApp/features/admin/handler/handler.go:22.78,27.2 1 0
PetPalApp/features/admin/handler/handler.go:29.56,32.20 3 0
PetPalApp/features/admin/handler/handler.go:32.20,34.3 1 0
PetPalApp/features/admin/handler/handler.go:36.2,43.22 3 0
PetPalApp/features/admin/handler/handler.go:43.22,44.56 1 0
PetPalApp/features/admin/handler/handler.go:44.56,46.4 1 0
PetPalApp/features/admin/handler/handler.go:47.3,47.124 1 0
PetPalApp/features/admin/handler/handler.go:50.2,50.94 1 0
PetPalApp/features/admin/handler/handler.go:53.53,56.20 3 0
PetPalApp/features/admin/handler/handler.go:56.20,58.3 1 0
PetPalApp/features/admin/handler/handler.go:60.2,61.16 2 0
PetPalApp/features/admin/handler/handler.go:61.16,63.3 1 0
PetPalApp/features/admin/handler/handler.go:64.2,66.93 3 0
PetPalApp/features/admin/handler/handler.go:69.58,71.18 2 0
PetPalApp/features/admin/handler/handler.go:71.18,73.3 1 0
PetPalApp/features/admin/handler/handler.go:75.2,76.16 2 0
PetPalApp/features/admin/handler/handler.go:76.16,78.3 1 0
PetPalApp/features/admin/handler/handler.go:80.2,81.99 2 0
PetPalApp/features/admin/handler/handler.go:84.54,86.18 2 0
PetPalApp/features/admin/handler/handler.go:86.18,88.3 1 0
PetPalApp/features/admin/handler/handler.go:90.2,91.22 2 0
PetPalApp/features/admin/handler/handler.go:91.22,93.3 1 0
PetPalApp/features/admin/handler/handler.go:94.2,94.90 1 0
PetPalApp/features/admin/handler/handler.go:97.54,99.18 2 0
PetPalApp/features/admin/handler/handler.go:99.18,101.3 1 0
PetPalApp/features/admin/handler/handler.go:103.2,105.20 3 0
PetPalApp/features/admin/handler/handler.go:105.20,107.3 1 0
PetPalApp/features/admin/handler/handler.go:109.2,114.16 5 0
PetPalApp/features/admin/handler/handler.go:114.16,115.33 1 0
PetPalApp/features/admin/handler/handler.go:115.33,119.4 1 0
PetPalApp/features/admin/handler/handler.go:120.3,121.16 2 0
PetPalApp/features/admin/handler/handler.go:122.8,124.3 1 0
PetPalApp/features/admin/handler/handler.go:126.2,137.20 3 0
PetPalApp/features/admin/handler/handler.go:137.20,139.3 1 0
PetPalApp/features/admin/handler/handler.go:141.2,142.22 2 0
PetPalApp/features/admin/handler/handler.go:142.22,143.56 1 0
PetPalApp/features/admin/handler/handler.go:143.56,145.4 1 0
PetPalApp/features/admin/handler/handler.go:146.3,146.117 1 0
PetPalApp/features/admin/handler/handler.go:149.2,149.83 1 0
PetPalApp/features/admin/handler/handler.go:152.60,157.31 4 0
PetPalApp/features/admin/handler/handler.go:157.31,159.3 1 0
PetPalApp/features/admin/handler/handler.go:160.2,170.22 8 0
PetPalApp/features/admin/handler/handler.go:170.22,172.3 1 0
PetPalApp/features/admin/handler/handler.go:175.2,177.86 2 0
PetPalApp/features/admin/handler/handler.go:180.61,183.20 3 0
PetPalApp/features/admin/handler/handler.go:183.20,185.3 1 0
PetPalApp/features/admin/handler/handler.go:187.2,188.22 2 0
PetPalApp/features/admin/handler/handler.go:188.22,190.3 1 0
PetPalApp/features/admin/handler/handler.go:193.2,195.86 2 0
PetPalApp/features/admin/handler/response.go:24.62,36.2 2 0
PetPalApp/features/admin/handler/response.go:38.61,47.2 2 0
PetPalApp/features/chat/data/model.go:19.35,28.2 1 0
PetPalApp/features/chat/data/model.go:30.35,38.2 1 0
PetPalApp/features/chat/data/query.go:15.38,19.2 1 0
PetPalApp/features/chat/data/query.go:26.59,29.21 3 0
PetPalApp/features/chat/data/query.go:29.21,31.3 1 0
PetPalApp/features/chat/data/query.go:32.2,32.12 1 0
PetPalApp/features/chat/data/query.go:35.88,38.21 3 0
PetPalApp/features/chat/data/query.go:38.21,40.3 1 0
PetPalApp/features/chat/data/query.go:42.2,43.29 2 0
PetPalApp/features/chat/data/query.go:43.29,46.3 1 0
PetPalApp/features/chat/data/query.go:48.2,48.20 1 0
PetPalApp/features/chat/data/query.go:51.79,55.21 3 0
PetPalApp/features/chat/data/query.go:55.21,57.3 1 0
PetPalApp/features/chat/data/query.go:59.2,60.29 2 0
PetPalApp/features/chat/data/query.go:60.29,62.3 1 0
PetPalApp/features/chat/data/query.go:64.2,64.20 1 0
PetPalApp/features/chat/data/query.go:67.100,70.21 3 0
PetPalApp/features/chat/data/query.go:70.21,72.3 1 0
PetPalApp/features/chat/data/query.go:73.2,74.28 2 0
PetPalApp/features/chat/data/query.go:74.28,76.3 1 0
PetPalApp/features/chat/data/query.go:76.8,78.3 1 0
PetPalApp/features/chat/data/query.go:79.2,79.29 1 0
PetPalApp/features/chat/data/query.go:82.76,84.21 2 0
PetPalApp/features/chat/data/query.go:84.21,86.3 1 0
PetPalApp/features/chat/data/query.go:87.2,87.12 1 0
PetPalApp/features/chat/handler/handler.go:25.177,33.2 1 0
PetPalApp/features/chat/handler/handler.go:39.57,42.20 3 0
PetPalApp/features/chat/handler/handler.go:42.20,44.3 1 0
PetPalApp/features/chat/handler/handler.go:46.2,47.19 2 0
PetPalApp/features/chat/handler/handler.go:47.19,49.3 1 0
PetPalApp/features/chat/handler/handler.go:51.2,52.41 2 0
PetPalApp/features/chat/handler/handler.go:52.41,54.3 1 0
PetPalApp/features/chat/handler/handler.go:56.2,58.66 2 0
PetPalApp/features/chat/handler/handler.go:58.66,60.3 1 0
PetPalApp/features/chat/handler/handler.go:62.2,62.96 1 0
PetPalApp/features/chat/handler/handler.go:65.55,68.20 3 0
PetPalApp/features/chat/handler/handler.go:68.20,70.3 1 0
PetPalApp/features/chat/handler/handler.go:72.2,73.20 2 0
PetPalApp/features/chat/handler/handler.go:73.20,75.3 1 0
PetPalApp/features/chat/handler/handler.go:77.2,78.16 2 0
PetPalApp/features/chat/handler/handler.go:78.16,80.3 1 0
PetPalApp/features/chat/handler/handler.go:82.2,83.26 2 0
PetPalApp/features/chat/handler/handler.go:83.26,85.40 2 0
PetPalApp/features/chat/handler/handler.go:85.40,89.4 3 0
PetPalApp/features/chat/handler/handler.go:89.9,93.4 3 0
PetPalApp/features/chat/handler/handler.go:95.2,95.98 1 0
PetPalApp/features/chat/handler/handler.go:98.53,101.30 3 0
PetPalApp/features/chat/handler/handler.go:101.30,103.3 1 0
PetPalApp/features/chat/handler/handler.go:104.2,106.28 3 0
PetPalApp/features/chat/handler/handler.go:106.28,108.3 1 0
PetPalApp/features/chat/handler/handler.go:109.2,112.16 3 0
PetPalApp/features/chat/handler/handler.go:112.16,114.3 1 0
PetPalApp/features/chat/handler/handler.go:115.2,115.91 1 0
PetPalApp/features/chat/handler/request.go:9.72,15.2 1 0
PetPalApp/features/chat/handler/response.go:33.99,53.2 2 0
PetPalApp/features/chat/handler/response.go:55.101,75.2 2 0
PetPalApp/features/consultation/handler/handler.go:21.124,27.2 1 0
PetPalApp/features/consultation/handler/handler.go:35.73,37.17 2 0
PetPalApp/features/consultation/handler/handler.go:37.17,39.3 1 0
PetPalApp/features/consultation/handler/handler.go:41.2,43.20 3 0
PetPalApp/features/consultation/handler/handler.go:43.20,45.3 1 0
PetPalApp/features/consultation/handler/handler.go:47.2,48.49 2 0
PetPalApp/features/consultation/handler/handler.go:48.49,50.3 1 0
PetPalApp/features/consultation/handler/handler.go:51.2,53.84 2 0
PetPalApp/features/consultation/handler/handler.go:53.84,55.3 1 0
PetPalApp/features/consultation/handler/handler.go:56.2,56.104 1 0
PetPalApp/features/consultation/handler/handler.go:59.71,61.20 2 0
PetPalApp/features/consultation/handler/handler.go:61.20,63.3 1 0
PetPalApp/features/consultation/handler/handler.go:65.2,66.16 2 0
PetPalApp/features/consultation/handler/handler.go:66.16,68.3 1 0
PetPalApp/features/consultation/handler/handler.go:70.2,71.34 2 0
PetPalApp/features/consultation/handler/handler.go:71.34,75.3 3 0
PetPalApp/features/consultation/handler/handler.go:76.2,76.85 1 0
PetPalApp/features/consultation/handler/handler.go:79.79,82.16 3 0
PetPalApp/features/consultation/handler/handler.go:82.16,84.3 1 0
PetPalApp/features/consultation/handler/handler.go:86.2,87.16 2 0
PetPalApp/features/consultation/handler/handler.go:87.16,89.3 1 0
PetPalApp/features/consultation/handler/handler.go:91.2,91.83 1 0
PetPalApp/features/consultation/handler/handler.go:94.81,97.16 3 0
PetPalApp/features/consultation/handler/handler.go:97.16,99.3 1 0
PetPalApp/features/consultation/handler/handler.go:101.2,102.16 2 0
PetPalApp/features/consultation/handler/handler.go:102.16,104.3 1 0
PetPalApp/features/consultation/handler/handler.go:106.2,106.83 1 0
PetPalApp/features/consultation/handler/handler.go:109.81,112.16 3 0
PetPalApp/features/consultation/handler/handler.go:112.16,114.3 1 0
PetPalApp/features/consultation/handler/handler.go:116.2,117.39 2 0
PetPalApp/features/consultation/handler/handler.go:117.39,119.3 1 0
PetPalApp/features/consultation/handler/handler.go:121.2,122.47 2 0
PetPalApp/features/consultation/handler/handler.go:122.47,124.3 1 0
PetPalApp/features/consultation/handler/handler.go:126.2,127.99 2 0
PetPalApp/features/consultation/handler/handler.go:127.99,129.3 1 0
PetPalApp/features/consultation/handler/handler.go:131.2,131.73 1 0
PetPalApp/features/consultation/handler/request.go:17.87,22.2 1 0
PetPalApp/features/consultation/handler/request.go:24.92,31.2 1 0
PetPalApp/features/consultation/handler/response.go:21.124,32.2 2 0
PetPalApp/features/doctor/data/model.go:18.48,28.2 2 0
PetPalApp/features/doctor/data/model.go:30.43,38.2 1 0
PetPalApp/features/doctor/data/query.go:20.42,24.2 1 0
PetPalApp/features/doctor/data/query.go:31.60,34.21 3 0
PetPalApp/features/doctor/data/query.go:34.21,36.3 1 0
PetPalApp/features/doctor/data/query.go:38.2,40.27 3 0
PetPalApp/features/doctor/data/query.go:40.27,42.3 1 0
PetPalApp/features/doctor/data/query.go:44.2,55.26 4 0
PetPalApp/features/doctor/data/query.go:55.26,57.3 1 0
PetPalApp/features/doctor/data/query.go:59.2,66.28 3 0
PetPalApp/features/doctor/data/query.go:66.28,68.3 1 0
PetPalApp/features/doctor/data/query.go:70.2,70.12 1 0
PetPalApp/features/doctor/data/query.go:73.71,76.21 3 0
PetPalApp/features/doctor/data/query.go:76.21,78.3 1 0
PetPalApp/features/doctor/data/query.go:79.2,81.25 2 0
PetPalApp/features/doctor/data/query.go:84.72,87.21 3 0
PetPalApp/features/doctor/data/query.go:87.21,89.3 1 0
PetPalApp/features/doctor/data/query.go:91.2,94.25 3 0
PetPalApp/features/doctor/data/query.go:97.82,101.21 3 0
PetPalApp/features/doctor/data/query.go:101.21,103.3 1 0
PetPalApp/features/doctor/data/query.go:104.2,105.27 2 0
PetPalApp/features/doctor/data/query.go:108.80,111.21 3 0
PetPalApp/features/doctor/data/query.go:111.21,113.3 1 0
PetPalApp/features/doctor/data/query.go:114.2,115.32 2 0
PetPalApp/features/doctor/data/query.go:118.65,122.21 3 0
PetPalApp/features/doctor/data/query.go:122.21,124.3 1 0
PetPalApp/features/doctor/data/query.go:126.2,127.30 2 0
PetPalApp/features/doctor/data/query.go:127.30,136.3 1 0
PetPalApp/features/doctor/data/query.go:137.2,137.27 1 0
PetPalApp/features/doctor/data/query.go:140.76,151.21 3 0
PetPalApp/features/doctor/data/query.go:151.21,153.3 1 0
PetPalApp/features/doctor/data/query.go:155.2,157.27 3 0
PetPalApp/features/doctor/data/query.go:157.27,159.3 1 0
PetPalApp/features/doctor/data/query.go:161.2,171.26 4 0
PetPalApp/features/doctor/data/query.go:171.26,173.3 1 0
PetPalApp/features/doctor/data/query.go:175.2,182.28 3 0
PetPalApp/features/doctor/data/query.go:182.28,184.3 1 0
PetPalApp/features/doctor/data/query.go:186.2,186.12 1 0
PetPalApp/features/doctor/data/query.go:189.51,192.27 3 0
PetPalApp/features/doctor/data/query.go:192.27,194.3 1 0
PetPalApp/features/doctor/data/query.go:196.2,202.21 5 0
PetPalApp/features/doctor/data/query.go:202.21,204.3 1 0
PetPalApp/features/doctor/data/query.go:206.2,206.12 1 0
PetPalApp/features/clinic/handler/response.go:19.80,29.2 2 0
PetPalApp/features/doctor/handler/handler.go:20.81,25.2 1 0
PetPalApp/features/doctor/handler/handler.go:31.58,33.18 2 0
PetPalApp/features/doctor/handler/handler.go:33.18,35.3 1 0
PetPalApp/features/doctor/handler/handler.go:37.2,39.20 3 0
PetPalApp/features/doctor/handler/handler.go:39.20,41.3 1 0
PetPalApp/features/doctor/handler/handler.go:43.2,47.35 4 0
PetPalApp/features/doctor/handler/handler.go:47.35,50.3 2 0
PetPalApp/features/doctor/handler/handler.go:51.2,54.20 3 0
PetPalApp/features/doctor/handler/handler.go:54.20,56.3 1 0
PetPalApp/features/doctor/handler/handler.go:58.2,60.19 3 0
PetPalApp/features/doctor/handler/handler.go:60.19,62.3 1 0
PetPalApp/features/doctor/handler/handler.go:64.2,64.108 1 0
PetPalApp/features/doctor/handler/handler.go:67.62,72.27 4 0
PetPalApp/features/doctor/handler/handler.go:72.27,74.3 1 0
PetPalApp/features/doctor/handler/handler.go:76.2,77.29 2 0
PetPalApp/features/doctor/handler/handler.go:77.29,79.3 1 0
PetPalApp/features/doctor/handler/handler.go:81.2,82.29 2 0
PetPalApp/features/doctor/handler/handler.go:82.29,84.3 1 0
PetPalApp/features/doctor/handler/handler.go:86.2,88.110 2 0
PetPalApp/features/doctor/handler/handler.go:91.62,93.20 2 0
PetPalApp/features/doctor/handler/handler.go:93.20,95.3 1 0
PetPalApp/features/doctor/handler/handler.go:97.2,99.20 3 0
PetPalApp/features/doctor/handler/handler.go:99.20,101.3 1 0
PetPalApp/features/doctor/handler/handler.go:103.2,107.35 4 0
PetPalApp/features/doctor/handler/handler.go:107.35,110.3 2 0
PetPalApp/features/doctor/handler/handler.go:112.2,115.20 3 0
PetPalApp/features/doctor/handler/handler.go:115.20,117.3 1 0
PetPalApp/features/doctor/handler/handler.go:119.2,120.22 2 0
PetPalApp/features/doctor/handler/handler.go:120.22,122.3 1 0
PetPalApp/features/doctor/handler/handler.go:123.2,123.116 1 0
PetPalApp/features/doctor/handler/handler.go:126.68,128.20 2 0
PetPalApp/features/doctor/handler/handler.go:128.20,130.3 1 0
PetPalApp/features/doctor/handler/handler.go:132.2,134.20 3 0
PetPalApp/features/doctor/handler/handler.go:134.20,136.3 1 0
PetPalApp/features/doctor/handler/handler.go:138.2,143.22 5 0
PetPalApp/features/doctor/handler/handler.go:143.22,145.3 1 0
PetPalApp/features/doctor/handler/handler.go:146.2,146.85 1 0
PetPalApp/features/doctor/handler/handler.go:149.55,151.20 2 0
PetPalApp/features/doctor/handler/handler.go:151.20,153.3 1 0
PetPalApp/features/doctor/handler/handler.go:155.2,156.16 2 0
PetPalApp/features/doctor/handler/handler.go:156.16,158.3 1 0
PetPalApp/features/doctor/handler/handler.go:160.2,160.123 1 0
PetPalApp/features/doctor/handler/request.go:27.91,35.2 1 0
PetPalApp/features/doctor/handler/request.go:37.82,44.2 1 0
PetPalApp/features/doctor/handler/request.go:46.57,57.2 2 0
PetPalApp/features/doctor/handler/response.go:28.67,35.2 2 0
PetPalApp/features/doctor/handler/response.go:42.123,54.2 3 0
PetPalApp/features/order/service/logic.go:11.50,15.2 1 0
PetPalApp/features/order/service/logic.go:17.78,19.2 1 0
PetPalApp/features/order/service/logic.go:21.79,23.2 1 0
PetPalApp/features/order/service/logic.go:25.88,27.2 1 0
PetPalApp/features/order/service/logic.go:29.82,31.2 1 0
PetPalApp/features/order/service/logic.go:33.74,35.2 1 0
PetPalApp/features/order/handler/handler.go:24.81,29.2 1 0
PetPalApp/features/order/handler/handler.go:31.59,33.17 2 0
PetPalApp/features/order/handler/handler.go:33.17,35.3 1 0
PetPalApp/features/order/handler/handler.go:37.2,38.45 2 0
PetPalApp/features/order/handler/handler.go:38.45,40.3 1 0
PetPalApp/features/order/handler/handler.go:42.2,43.16 2 0
PetPalApp/features/order/handler/handler.go:43.16,45.3 1 0
PetPalApp/features/order/handler/handler.go:47.2,59.16 3 0
PetPalApp/features/order/handler/handler.go:59.16,61.3 1 0
PetPalApp/features/order/handler/handler.go:63.2,67.107 2 0
PetPalApp/features/order/handler/handler.go:106.60,108.17 2 0
PetPalApp/features/order/handler/handler.go:108.17,110.3 1 0
PetPalApp/features/order/handler/handler.go:112.2,114.16 3 0
PetPalApp/features/order/handler/handler.go:114.16,116.3 1 0
PetPalApp/features/order/handler/handler.go:118.2,119.16 2 0
PetPalApp/features/order/handler/handler.go:119.16,121.3 1 0
PetPalApp/features/order/handler/handler.go:124.2,124.34 1 0
PetPalApp/features/order/handler/handler.go:124.34,126.3 1 0
PetPalApp/features/order/handler/handler.go:128.2,148.102 2 0
PetPalApp/features/order/handler/handler.go:151.33,157.2 4 0
PetPalApp/features/order/handler/handler.go:159.71,163.17 4 0
PetPalApp/features/order/handler/handler.go:163.17,165.3 1 0
PetPalApp/features/order/handler/handler.go:167.2,167.20 1 0
PetPalApp/features/order/handler/handler.go:167.20,169.17 2 0
PetPalApp/features/order/handler/handler.go:169.17,171.4 1 0
PetPalApp/features/order/handler/handler.go:172.8,176.29 4 0
PetPalApp/features/order/handler/handler.go:176.29,180.18 4 0
PetPalApp/features/order/handler/handler.go:180.18,182.5 1 0
PetPalApp/features/order/handler/handler.go:186.2,187.31 2 0
PetPalApp/features/order/handler/handler.go:187.31,207.3 1 0
PetPalApp/features/order/handler/handler.go:209.2,209.100 1 0
PetPalApp/features/order/data/query.go:13.40,17.2 1 0
PetPalApp/features/order/data/query.go:19.75,21.21 2 0
PetPalApp/features/order/data/query.go:21.21,23.3 1 0
PetPalApp/features/order/data/query.go:24.2,24.19 1 0
PetPalApp/features/order/data/query.go:27.77,29.98 2 0
PetPalApp/features/order/data/query.go:29.98,31.3 1 0
PetPalApp/features/order/data/query.go:33.2,33.20 1 0
PetPalApp/features/order/data/query.go:36.78,38.98 2 0
PetPalApp/features/order/data/query.go:38.98,40.3 1 0
PetPalApp/features/order/data/query.go:42.2,42.20 1 0
PetPalApp/features/order/data/query.go:45.86,47.86 2 0
PetPalApp/features/order/data/query.go:47.86,49.3 1 0
PetPalApp/features/order/data/query.go:51.2,51.20 1 0
PetPalApp/features/order/data/query.go:54.78,56.78 2 0
PetPalApp/features/order/data/query.go:56.78,58.3 1 0
PetPalApp/features/order/data/query.go:60.2,60.21 1 0
PetPalApp/features/order/data/query.go:63.72,65.95 2 0
PetPalApp/features/order/data/query.go:65.95,67.3 1 0
PetPalApp/features/order/data/query.go:69.2,69.21 1 0
PetPalApp/features/consultation/data/model.go:26.49,28.2 1 0
PetPalApp/features/consultation/data/model.go:31.50,35.2 3 0
PetPalApp/features/consultation/data/model.go:37.59,47.2 1 0
PetPalApp/features/consultation/data/query.go:13.54,17.2 1 0
PetPalApp/features/consultation/data/query.go:24.103,32.21 3 0
PetPalApp/features/consultation/data/query.go:32.21,34.3 1 0
PetPalApp/features/consultation/data/query.go:35.2,35.12 1 0
PetPalApp/features/consultation/data/query.go:38.97,41.21 3 0
PetPalApp/features/consultation/data/query.go:41.21,43.3 1 0
PetPalApp/features/consultation/data/query.go:45.2,46.31 2 0
PetPalApp/features/consultation/data/query.go:49.103,52.21 3 0
PetPalApp/features/consultation/data/query.go:52.21,54.3 1 0
PetPalApp/features/consultation/data/query.go:56.2,57.29 2 0
PetPalApp/features/consultation/data/query.go:60.113,63.21 3 0
PetPalApp/features/consultation/data/query.go:63.21,65.3 1 0
PetPalApp/features/consultation/data/query.go:67.2,68.29 2 0
PetPalApp/features/consultation/data/query.go:71.122,75.21 3 0
PetPalApp/features/consultation/data/query.go:75.21,77.3 1 0
PetPalApp/features/consultation/data/query.go:79.2,80.29 2 0
PetPalApp/features/consultation/data/query.go:83.123,87.21 3 0
PetPalApp/features/consultation/data/query.go:87.21,89.3 1 0
PetPalApp/features/consultation/data/query.go:91.2,92.29 2 0
PetPalApp/features/consultation/data/query.go:95.104,98.21 3 0
PetPalApp/features/consultation/data/query.go:98.21,100.3 1 0
PetPalApp/features/consultation/data/query.go:102.2,103.45 2 0
PetPalApp/features/consultation/data/query.go:103.45,105.3 1 0
PetPalApp/features/consultation/data/query.go:107.2,107.20 1 0
PetPalApp/features/consultation/data/query.go:110.109,113.21 3 0
PetPalApp/features/consultation/data/query.go:113.21,115.3 1 0
PetPalApp/features/consultation/data/query.go:117.2,118.45 2 0
PetPalApp/features/consultation/data/query.go:118.45,120.3 1 0
PetPalApp/features/consultation/data/query.go:122.2,122.20 1 0
PetPalApp/features/consultation/data/query.go:125.113,128.21 3 0
PetPalApp/features/consultation/data/query.go:128.21,130.3 1 0
PetPalApp/features/consultation/data/query.go:132.2,133.45 2 0
PetPalApp/features/consultation/data/query.go:133.45,135.3 1 0
PetPalApp/features/consultation/data/query.go:137.2,137.20 1 0
PetPalApp/features/consultation/data/query.go:140.112,142.21 2 0
PetPalApp/features/consultation/data/query.go:142.21,144.3 1 0
PetPalApp/features/consultation/data/query.go:145.2,145.12 1 0
PetPalApp/features/payment/data/query.go:13.44,15.2 1 0
PetPalApp/features/payment/data/query.go:17.82,19.24 2 0
PetPalApp/features/payment/data/query.go:19.24,21.6 1 0
PetPalApp/features/payment/data/query.go:22.5,22.24 1 0
PetPalApp/features/payment/data/query.go:26.82,28.78 2 0
PetPalApp/features/payment/data/query.go:28.78,30.3 1 0
PetPalApp/features/payment/data/query.go:32.2,32.21 1 0
PetPalApp/features/payment/data/query.go:35.76,37.76 2 0
PetPalApp/features/payment/data/query.go:37.76,39.3 1 0
PetPalApp/features/payment/data/query.go:41.2,41.21 1 0
PetPalApp/features/payment/data/query.go:44.73,46.75 2 0
PetPalApp/features/payment/data/query.go:46.75,48.3 1 0
PetPalApp/features/payment/data/query.go:50.2,50.21 1 0
PetPalApp/features/payment/handler/handler.go:21.79,26.2 1 0
PetPalApp/features/payment/handler/handler.go:28.63,30.47 2 0
PetPalApp/features/payment/handler/handler.go:30.47,32.6 1 0
PetPalApp/features/payment/handler/handler.go:34.5,35.55 2 0
PetPalApp/features/payment/handler/handler.go:35.55,37.6 1 0
PetPalApp/features/payment/handler/handler.go:39.5,40.19 2 0
PetPalApp/features/payment/handler/handler.go:40.19,42.6 1 0
PetPalApp/features/payment/handler/handler.go:44.5,45.19 2 0
PetPalApp/features/payment/handler/handler.go:45.19,47.6 1 0
PetPalApp/features/payment/handler/handler.go:49.5,79.19 5 0
PetPalApp/features/payment/handler/handler.go:79.19,81.6 1 0
PetPalApp/features/payment/handler/handler.go:82.5,87.33 4 0
PetPalApp/features/payment/handler/handler.go:87.33,91.6 3 0
PetPalApp/features/payment/handler/handler.go:91.11,93.6 1 0
PetPalApp/features/payment/handler/handler.go:95.5,104.26 2 0
PetPalApp/features/payment/handler/handler.go:104.26,106.6 1 0
PetPalApp/features/payment/handler/handler.go:108.5,109.19 2 0
PetPalApp/features/payment/handler/handler.go:109.19,111.6 1 0
PetPalApp/features/payment/handler/handler.go:113.5,123.114 2 0
PetPalApp/features/payment/handler/request.go:10.53,15.2 1 0
PetPalApp/features/payment/service/logic.go:16.58,20.2 1 0
PetPalApp/features/payment/service/logic.go:22.91,24.2 1 0
PetPalApp/features/payment/service/logic.go:26.86,28.2 1 0
PetPalApp/features/payment/service/logic.go:30.82,32.2 1 0
PetPalApp/features/payment/service/logic.go:34.80,36.2 1 0
PetPalApp/features/product/data/models.go:21.44,31.2 2 0
PetPalApp/features/product/data/models.go:33.44,44.2 2 0
PetPalApp/features/product/data/query.go:15.75,20.2 1 0
PetPalApp/features/product/data/query.go:26.58,29.21 3 0
PetPalApp/features/product/data/query.go:29.21,31.3 1 0
PetPalApp/features/product/data/query.go:32.2,32.12 1 0
PetPalApp/features/product/data/query.go:35.95,37.57 2 0
PetPalApp/features/product/data/query.go:37.57,39.22 2 0
PetPalApp/features/product/data/query.go:39.22,41.4 1 0
PetPalApp/features/product/data/query.go:43.8,43.66 1 0
PetPalApp/features/product/data/query.go:43.66,45.22 2 0
PetPalApp/features/product/data/query.go:45.22,47.4 1 0
PetPalApp/features/product/data/query.go:48.8,50.22 2 0
PetPalApp/features/product/data/query.go:50.22,52.4 1 0
PetPalApp/features/product/data/query.go:54.2,55.31 2 0
PetPalApp/features/product/data/query.go:55.31,57.3 1 0
PetPalApp/features/product/data/query.go:58.2,58.28 1 0
PetPalApp/features/product/data/query.go:61.97,64.21 3 0
PetPalApp/features/product/data/query.go:64.21,66.3 1 0
PetPalApp/features/product/data/query.go:67.2,68.31 2 0
PetPalApp/features/product/data/query.go:68.31,70.3 1 0
PetPalApp/features/product/data/query.go:71.2,71.28 1 0
PetPalApp/features/product/data/query.go:74.116,77.21 3 0
PetPalApp/features/product/data/query.go:77.21,79.3 1 0
PetPalApp/features/product/data/query.go:80.2,81.31 2 0
PetPalApp/features/product/data/query.go:81.31,83.3 1 0
PetPalApp/features/product/data/query.go:84.2,84.28 1 0
PetPalApp/features/product/data/query.go:87.68,90.21 3 0
PetPalApp/features/product/data/query.go:90.21,92.3 1 0
PetPalApp/features/product/data/query.go:93.2,94.26 2 0
PetPalApp/features/product/data/query.go:97.104,99.57 2 0
PetPalApp/features/product/data/query.go:99.57,101.22 2 0
PetPalApp/features/product/data/query.go:101.22,103.4 1 0
PetPalApp/features/product/data/query.go:105.8,105.66 1 0
PetPalApp/features/product/data/query.go:105.66,107.22 2 0
PetPalApp/features/product/data/query.go:107.22,109.4 1 0
PetPalApp/features/product/data/query.go:110.8,112.22 2 0
PetPalApp/features/product/data/query.go:112.22,114.4 1 0
PetPalApp/features/product/data/query.go:116.2,117.31 2 0
PetPalApp/features/product/data/query.go:117.31,119.3 1 0
PetPalApp/features/product/data/query.go:120.2,120.28 1 0
PetPalApp/features/product/data/query.go:123.86,126.21 3 0
PetPalApp/features/product/data/query.go:126.21,128.3 1 0
PetPalApp/features/product/data/query.go:130.2,131.26 2 0
PetPalApp/features/product/data/query.go:134.72,137.21 3 0
PetPalApp/features/product/data/query.go:137.21,139.3 1 0
PetPalApp/features/product/data/query.go:140.2,141.26 2 0
PetPalApp/features/product/data/query.go:144.81,147.21 3 0
PetPalApp/features/product/data/query.go:147.21,149.3 1 0
PetPalApp/features/product/data/query.go:150.2,150.12 1 0
PetPalApp/features/product/data/query.go:153.60,155.21 2 0
PetPalApp/features/product/data/query.go:155.21,157.3 1 0
PetPalApp/features/product/data/query.go:158.2,158.12 1 0
PetPalApp/features/product/handler/handler.go:21.84,26.2 1 0
PetPalApp/features/product/handler/handler.go:32.60,37.20 4 0
PetPalApp/features/product/handler/handler.go:37.20,39.3 1 0
PetPalApp/features/product/handler/handler.go:40.2,41.16 2 0
PetPalApp/features/product/handler/handler.go:41.16,45.3 1 0
PetPalApp/features/product/handler/handler.go:46.2,50.22 4 0
PetPalApp/features/product/handler/handler.go:50.22,52.3 1 0
PetPalApp/features/product/handler/handler.go:53.2,53.94 1 0
PetPalApp/features/product/handler/handler.go:56.63,59.31 3 0
PetPalApp/features/product/handler/handler.go:59.31,61.3 1 0
PetPalApp/features/product/handler/handler.go:62.2,66.36 5 0
PetPalApp/features/product/handler/handler.go:66.36,68.3 1 0
PetPalApp/features/product/handler/handler.go:70.2,73.22 3 0
PetPalApp/features/product/handler/handler.go:73.22,75.3 1 0
PetPalApp/features/product/handler/handler.go:77.2,78.27 2 0
PetPalApp/features/product/handler/handler.go:78.27,80.3 1 0
PetPalApp/features/product/handler/handler.go:81.2,81.104 1 0
PetPalApp/features/product/handler/handler.go:84.64,88.20 3 0
PetPalApp/features/product/handler/handler.go:88.20,90.3 1 0
PetPalApp/features/product/handler/handler.go:92.2,95.27 3 0
PetPalApp/features/product/handler/handler.go:95.27,97.3 1 0
PetPalApp/features/product/handler/handler.go:99.2,100.109 2 0
PetPalApp/features/product/handler/handler.go:103.66,106.31 3 0
PetPalApp/features/product/handler/handler.go:106.31,108.3 1 0
PetPalApp/features/product/handler/handler.go:109.2,113.36 5 0
PetPalApp/features/product/handler/handler.go:113.36,115.3 1 0
PetPalApp/features/product/handler/handler.go:117.2,123.22 5 0
PetPalApp/features/product/handler/handler.go:123.22,125.3 1 0
PetPalApp/features/product/handler/handler.go:127.2,128.27 2 0
PetPalApp/features/product/handler/handler.go:128.27,130.3 1 0
PetPalApp/features/product/handler/handler.go:131.2,131.104 1 0
PetPalApp/features/product/handler/handler.go:133.67,136.20 3 0
PetPalApp/features/product/handler/handler.go:136.20,138.3 1 0
PetPalApp/features/product/handler/handler.go:140.2,144.20 4 0
PetPalApp/features/product/handler/handler.go:144.20,146.3 1 0
PetPalApp/features/product/handler/handler.go:148.2,152.35 4 0
PetPalApp/features/product/handler/handler.go:152.35,155.3 2 0
PetPalApp/features/product/handler/handler.go:156.2,159.20 3 0
PetPalApp/features/product/handler/handler.go:159.20,161.3 1 0
PetPalApp/features/product/handler/handler.go:163.2,164.22 2 0
PetPalApp/features/product/handler/handler.go:164.22,166.3 1 0
PetPalApp/features/product/handler/handler.go:167.2,167.94 1 0
PetPalApp/features/product/handler/handler.go:170.56,173.20 3 0
PetPalApp/features/product/handler/handler.go:173.20,175.3 1 0
PetPalApp/features/product/handler/handler.go:177.2,179.16 3 0
PetPalApp/features/product/handler/handler.go:179.16,181.3 1 0
PetPalApp/features/product/handler/handler.go:182.2,182.94 1 0
PetPalApp/features/product/handler/request.go:19.55,29.2 2 0
PetPalApp/features/product/handler/response.go:27.59,32.2 1 0
PetPalApp/features/product/handler/response.go:34.52,43.2 2 0
PetPalApp/features/product/handler/response.go:45.58,53.2 2 0
PetPalApp/features/doctor/service/logic.go:18.85,23.2 1 1
PetPalApp/features/doctor/service/logic.go:25.112,27.48 1 1
PetPalApp/features/doctor/service/logic.go:27.48,29.3 1 0
PetPalApp/features/doctor/service/logic.go:29.8,31.30 2 1
PetPalApp/features/doctor/service/logic.go:31.30,33.4 1 0
PetPalApp/features/doctor/service/logic.go:33.9,34.19 1 1
PetPalApp/features/doctor/service/logic.go:34.19,38.24 4 1
PetPalApp/features/doctor/service/logic.go:38.24,40.6 1 0
PetPalApp/features/doctor/service/logic.go:41.5,41.42 1 1
PetPalApp/features/doctor/service/logic.go:42.10,44.5 1 0
PetPalApp/features/doctor/service/logic.go:46.4,47.18 2 1
PetPalApp/features/doctor/service/logic.go:47.18,49.5 1 0
PetPalApp/features/doctor/service/logic.go:50.4,50.37 1 1
PetPalApp/features/doctor/service/logic.go:55.81,57.2 1 1
PetPalApp/features/doctor/service/logic.go:59.96,63.2 2 1
PetPalApp/features/doctor/service/logic.go:65.131,66.18 1 1
PetPalApp/features/doctor/service/logic.go:66.18,68.3 1 0
PetPalApp/features/doctor/service/logic.go:70.2,70.42 1 1
PetPalApp/features/doctor/service/logic.go:70.42,74.22 4 1
PetPalApp/features/doctor/service/logic.go:74.22,76.4 1 0
PetPalApp/features/doctor/service/logic.go:77.3,77.39 1 1
PetPalApp/features/doctor/service/logic.go:80.2,81.16 2 1
PetPalApp/features/doctor/service/logic.go:81.16,83.3 1 0
PetPalApp/features/doctor/service/logic.go:84.2,84.34 1 1
PetPalApp/features/doctor/service/logic.go:87.53,88.18 1 1
PetPalApp/features/doctor/service/logic.go:88.18,90.3 1 0
PetPalApp/features/doctor/service/logic.go:91.2,91.39 1 1
PetPalApp/mocks/AdminModel.go:17.71,20.19 2 0
PetPalApp/mocks/AdminModel.go:20.19,21.54 1 0
PetPalApp/mocks/AdminModel.go:24.2,26.66 3 0
PetPalApp/mocks/AdminModel.go:26.66,28.3 1 0
PetPalApp/mocks/AdminModel.go:29.2,29.57 1 0
PetPalApp/mocks/AdminModel.go:29.57,31.3 1 0
PetPalApp/mocks/AdminModel.go:31.8,32.24 1 0
PetPalApp/mocks/AdminModel.go:32.24,34.4 1 0
PetPalApp/mocks/AdminModel.go:37.2,37.51 1 0
PetPalApp/mocks/AdminModel.go:37.51,39.3 1 0
PetPalApp/mocks/AdminModel.go:39.8,41.3 1 0
PetPalApp/mocks/AdminModel.go:43.2,43.15 1 0
PetPalApp/mocks/AdminModel.go:47.68,50.19 2 0
PetPalApp/mocks/AdminModel.go:50.19,51.51 1 0
PetPalApp/mocks/AdminModel.go:54.2,56.64 3 0
PetPalApp/mocks/AdminModel.go:56.64,58.3 1 0
PetPalApp/mocks/AdminModel.go:59.2,59.55 1 0
PetPalApp/mocks/AdminModel.go:59.55,61.3 1 0
PetPalApp/mocks/AdminModel.go:61.8,62.24 1 0
PetPalApp/mocks/AdminModel.go:62.24,64.4 1 0
PetPalApp/mocks/AdminModel.go:67.2,67.49 1 0
PetPalApp/mocks/AdminModel.go:67.49,69.3 1 0
PetPalApp/mocks/AdminModel.go:69.8,71.3 1 0
PetPalApp/mocks/AdminModel.go:73.2,73.15 1 0
PetPalApp/mocks/AdminModel.go:77.50,80.19 2 0
PetPalApp/mocks/AdminModel.go:80.19,81.48 1 0
PetPalApp/mocks/AdminModel.go:84.2,85.49 2 0
PetPalApp/mocks/AdminModel.go:85.49,87.3 1 0
PetPalApp/mocks/AdminModel.go:87.8,89.3 1 0
PetPalApp/mocks/AdminModel.go:91.2,91.11 1 0
PetPalApp/mocks/AdminModel.go:95.54,98.19 2 0
PetPalApp/mocks/AdminModel.go:98.19,99.50 1 0
PetPalApp/mocks/AdminModel.go:102.2,103.55 2 0
PetPalApp/mocks/AdminModel.go:103.55,105.3 1 0
PetPalApp/mocks/AdminModel.go:105.8,107.3 1 0
PetPalApp/mocks/AdminModel.go:109.2,109.11 1 0
PetPalApp/mocks/AdminModel.go:113.62,116.19 2 0
PetPalApp/mocks/AdminModel.go:116.19,117.56 1 0
PetPalApp/mocks/AdminModel.go:120.2,122.61 3 0
PetPalApp/mocks/AdminModel.go:122.61,124.3 1 0
PetPalApp/mocks/AdminModel.go:125.2,125.52 1 0
PetPalApp/mocks/AdminModel.go:125.52,127.3 1 0
PetPalApp/mocks/AdminModel.go:127.8,128.24 1 0
PetPalApp/mocks/AdminModel.go:128.24,130.4 1 0
PetPalApp/mocks/AdminModel.go:133.2,133.45 1 0
PetPalApp/mocks/AdminModel.go:133.45,135.3 1 0
PetPalApp/mocks/AdminModel.go:135.8,137.3 1 0
PetPalApp/mocks/AdminModel.go:139.2,139.15 1 0
PetPalApp/mocks/AdminModel.go:143.70,146.19 2 0
PetPalApp/mocks/AdminModel.go:146.19,147.64 1 0
PetPalApp/mocks/AdminModel.go:150.2,152.61 3 0
PetPalApp/mocks/AdminModel.go:152.61,154.3 1 0
PetPalApp/mocks/AdminModel.go:155.2,155.52 1 0
PetPalApp/mocks/AdminModel.go:155.52,157.3 1 0
PetPalApp/mocks/AdminModel.go:157.8,158.24 1 0
PetPalApp/mocks/AdminModel.go:158.24,160.4 1 0
PetPalApp/mocks/AdminModel.go:163.2,163.45 1 0
PetPalApp/mocks/AdminModel.go:163.45,165.3 1 0
PetPalApp/mocks/AdminModel.go:165.8,167.3 1 0
PetPalApp/mocks/AdminModel.go:169.2,169.15 1 0
PetPalApp/mocks/AdminModel.go:173.73,176.19 2 0
PetPalApp/mocks/AdminModel.go:176.19,177.48 1 0
PetPalApp/mocks/AdminModel.go:180.2,181.61 2 0
PetPalApp/mocks/AdminModel.go:181.61,183.3 1 0
PetPalApp/mocks/AdminModel.go:183.8,185.3 1 0
PetPalApp/mocks/AdminModel.go:187.2,187.11 1 0
PetPalApp/mocks/AdminModel.go:195.16,199.19 3 0
PetPalApp/mocks/AdminModel.go:199.19,199.49 1 0
PetPalApp/mocks/AdminModel.go:201.2,201.13 1 0
PetPalApp/mocks/AdminService.go:20.52,23.19 2 0
PetPalApp/mocks/AdminService.go:23.19,24.48 1 0
PetPalApp/mocks/AdminService.go:27.2,28.49 2 0
PetPalApp/mocks/AdminService.go:28.49,30.3 1 0
PetPalApp/mocks/AdminService.go:30.8,32.3 1 0
PetPalApp/mocks/AdminService.go:34.2,34.11 1 0
PetPalApp/mocks/AdminService.go:38.103,41.19 2 0
PetPalApp/mocks/AdminService.go:41.19,42.54 1 0
PetPalApp/mocks/AdminService.go:45.2,47.80 3 0
PetPalApp/mocks/AdminService.go:47.80,49.3 1 0
PetPalApp/mocks/AdminService.go:50.2,50.71 1 0
PetPalApp/mocks/AdminService.go:50.71,52.3 1 0
PetPalApp/mocks/AdminService.go:52.8,53.24 1 0
PetPalApp/mocks/AdminService.go:53.24,55.4 1 0
PetPalApp/mocks/AdminService.go:58.2,58.63 1 0
PetPalApp/mocks/AdminService.go:58.63,60.3 1 0
PetPalApp/mocks/AdminService.go:60.8,62.3 1 0
PetPalApp/mocks/AdminService.go:64.2,64.15 1 0
PetPalApp/mocks/AdminService.go:68.65,71.19 2 0
PetPalApp/mocks/AdminService.go:71.19,72.51 1 0
PetPalApp/mocks/AdminService.go:75.2,77.64 3 0
PetPalApp/mocks/AdminService.go:77.64,79.3 1 0
PetPalApp/mocks/AdminService.go:80.2,80.55 1 0
PetPalApp/mocks/AdminService.go:80.55,82.3 1 0
PetPalApp/mocks/AdminService.go:82.8,84.3 1 0
PetPalApp/mocks/AdminService.go:86.2,86.49 1 0
PetPalApp/mocks/AdminService.go:86.49,88.3 1 0
PetPalApp/mocks/AdminService.go:88.8,90.3 1 0
PetPalApp/mocks/AdminService.go:92.2,92.15 1 0
PetPalApp/mocks/AdminService.go:96.71,99.19 2 0
PetPalApp/mocks/AdminService.go:99.19,100.52 1 0
PetPalApp/mocks/AdminService.go:103.2,105.64 3 0
PetPalApp/mocks/AdminService.go:105.64,107.3 1 0
PetPalApp/mocks/AdminService.go:108.2,108.55 1 0
PetPalApp/mocks/AdminService.go:108.55,110.3 1 0
PetPalApp/mocks/AdminService.go:110.8,111.24 1 0
PetPalApp/mocks/AdminService.go:111.24,113.4 1 0
PetPalApp/mocks/AdminService.go:116.2,116.49 1 0
PetPalApp/mocks/AdminService.go:116.49,118.3 1 0
PetPalApp/mocks/AdminService.go:118.8,120.3 1 0
PetPalApp/mocks/AdminService.go:122.2,122.15 1 0
PetPalApp/mocks/AdminService.go:126.91,129.19 2 0
PetPalApp/mocks/AdminService.go:129.19,130.47 1 0
PetPalApp/mocks/AdminService.go:133.2,136.82 4 0
PetPalApp/mocks/AdminService.go:136.82,138.3 1 0
PetPalApp/mocks/AdminService.go:139.2,139.65 1 0
PetPalApp/mocks/AdminService.go:139.65,141.3 1 0
PetPalApp/mocks/AdminService.go:141.8,142.24 1 0
PetPalApp/mocks/AdminService.go:142.24,144.4 1 0
PetPalApp/mocks/AdminService.go:147.2,147.60 1 0
PetPalApp/mocks/AdminService.go:147.60,149.3 1 0
PetPalApp/mocks/AdminService.go:149.8,151.3 1 0
PetPalApp/mocks/AdminService.go:153.2,153.59 1 0
PetPalApp/mocks/AdminService.go:153.59,155.3 1 0
PetPalApp/mocks/AdminService.go:155.8,157.3 1 0
PetPalApp/mocks/AdminService.go:159.2,159.19 1 0
PetPalApp/mocks/AdminService.go:163.56,166.19 2 0
PetPalApp/mocks/AdminService.go:166.19,167.50 1 0
PetPalApp/mocks/AdminService.go:170.2,171.55 2 0
PetPalApp/mocks/AdminService.go:171.55,173.3 1 0
PetPalApp/mocks/AdminService.go:173.8,175.3 1 0
PetPalApp/mocks/AdminService.go:177.2,177.11 1 0
PetPalApp/mocks/AdminService.go:181.115,184.19 2 0
PetPalApp/mocks/AdminService.go:184.19,185.48 1 0
PetPalApp/mocks/AdminService.go:188.2,189.80 2 0
PetPalApp/mocks/AdminService.go:189.80,191.3 1 0
PetPalApp/mocks/AdminService.go:191.8,193.3 1 0
PetPalApp/mocks/AdminService.go:195.2,195.11 1 0
PetPalApp/mocks/AdminService.go:203.18,207.19 3 0
PetPalApp/mocks/AdminService.go:207.19,207.49 1 0
PetPalApp/mocks/AdminService.go:209.2,209.13 1 0
PetPalApp/mocks/ChatModel.go:17.58,20.19 2 0
PetPalApp/mocks/ChatModel.go:20.19,21.52 1 0
PetPalApp/mocks/ChatModel.go:24.2,25.58 2 0
PetPalApp/mocks/ChatModel.go:25.58,27.3 1 0
PetPalApp/mocks/ChatModel.go:27.8,29.3 1 0
PetPalApp/mocks/ChatModel.go:31.2,31.11 1 0
PetPalApp/mocks/ChatModel.go:35.86,38.19 2 0
PetPalApp/mocks/ChatModel.go:38.19,39.48 1 0
PetPalApp/mocks/ChatModel.go:42.2,43.61 2 0
PetPalApp/mocks/ChatModel.go:43.61,45.3 1 0
PetPalApp/mocks/ChatModel.go:45.8,47.3 1 0
PetPalApp/mocks/ChatModel.go:49.2,49.11 1 0
PetPalApp/mocks/ChatModel.go:53.79,56.19 2 0
PetPalApp/mocks/ChatModel.go:56.19,57.56 1 0
PetPalApp/mocks/ChatModel.go:60.2,62.68 3 0
PetPalApp/mocks/ChatModel.go:62.68,64.3 1 0
PetPalApp/mocks/ChatModel.go:65.2,65.59 1 0
PetPalApp/mocks/ChatModel.go:65.59,67.3 1 0
PetPalApp/mocks/ChatModel.go:67.8,68.24 1 0
PetPalApp/mocks/ChatModel.go:68.24,70.4 1 0
PetPalApp/mocks/ChatModel.go:73.2,73.49 1 0
PetPalApp/mocks/ChatModel.go:73.49,75.3 1 0
PetPalApp/mocks/ChatModel.go:75.8,77.3 1 0
PetPalApp/mocks/ChatModel.go:79.2,79.15 1 0
PetPalApp/mocks/ChatModel.go:83.93,86.19 2 0
PetPalApp/mocks/ChatModel.go:86.19,87.54 1 0
PetPalApp/mocks/ChatModel.go:90.2,92.74 3 0
PetPalApp/mocks/ChatModel.go:92.74,94.3 1 0
PetPalApp/mocks/ChatModel.go:95.2,95.65 1 0
PetPalApp/mocks/ChatModel.go:95.65,97.3 1 0
PetPalApp/mocks/ChatModel.go:97.8,98.24 1 0
PetPalApp/mocks/ChatModel.go:98.24,100.4 1 0
PetPalApp/mocks/ChatModel.go:103.2,103.55 1 0
PetPalApp/mocks/ChatModel.go:103.55,105.3 1 0
PetPalApp/mocks/ChatModel.go:105.8,107.3 1 0
PetPalApp/mocks/ChatModel.go:109.2,109.15 1 0
PetPalApp/mocks/ChatModel.go:113.110,116.19 2 0
PetPalApp/mocks/ChatModel.go:116.19,117.54 1 0
PetPalApp/mocks/ChatModel.go:120.2,122.79 3 0
PetPalApp/mocks/ChatModel.go:122.79,124.3 1 0
PetPalApp/mocks/ChatModel.go:125.2,125.70 1 0
PetPalApp/mocks/ChatModel.go:125.70,127.3 1 0
PetPalApp/mocks/ChatModel.go:127.8,128.24 1 0
PetPalApp/mocks/ChatModel.go:128.24,130.4 1 0
PetPalApp/mocks/ChatModel.go:133.2,133.61 1 0
PetPalApp/mocks/ChatModel.go:133.61,135.3 1 0
PetPalApp/mocks/ChatModel.go:135.8,137.3 1 0
PetPalApp/mocks/ChatModel.go:139.2,139.15 1 0
PetPalApp/mocks/ChatModel.go:147.15,151.19 3 0
PetPalApp/mocks/ChatModel.go:151.19,151.49 1 0
PetPalApp/mocks/ChatModel.go:153.2,153.13 1 0
PetPalApp/mocks/ChatService.go:17.78,20.19 2 0
PetPalApp/mocks/ChatService.go:20.19,21.52 1 0
PetPalApp/mocks/ChatService.go:24.2,25.66 2 0
PetPalApp/mocks/ChatService.go:25.66,27.3 1 0
PetPalApp/mocks/ChatService.go:27.8,29.3 1 0
PetPalApp/mocks/ChatService.go:31.2,31.11 1 0
PetPalApp/mocks/ChatService.go:35.101,38.19 2 0
PetPalApp/mocks/ChatService.go:38.19,39.48 1 0
PetPalApp/mocks/ChatService.go:42.2,43.69 2 0
PetPalApp/mocks/ChatService.go:43.69,45.3 1 0
PetPalApp/mocks/ChatService.go:45.8,47.3 1 0
PetPalApp/mocks/ChatService.go:49.2,49.11 1 0
PetPalApp/mocks/ChatService.go:53.104,56.19 2 0
PetPalApp/mocks/ChatService.go:56.19,57.50 1 0
PetPalApp/mocks/ChatService.go:60.2,62.82 3 0
PetPalApp/mocks/ChatService.go:62.82,64.3 1 0
PetPalApp/mocks/ChatService.go:65.2,65.73 1 0
PetPalApp/mocks/ChatService.go:65.73,67.3 1 0
PetPalApp/mocks/ChatService.go:67.8,68.24 1 0
PetPalApp/mocks/ChatService.go:68.24,70.4 1 0
PetPalApp/mocks/ChatService.go:73.2,73.63 1 0
PetPalApp/mocks/ChatService.go:73.63,75.3 1 0
PetPalApp/mocks/ChatService.go:75.8,77.3 1 0
PetPalApp/mocks/ChatService.go:79.2,79.15 1 0
PetPalApp/mocks/ChatService.go:87.17,91.19 3 0
PetPalApp/mocks/ChatService.go:91.19,91.49 1 0
PetPalApp/mocks/ChatService.go:93.2,93.13 1 0
PetPalApp/mocks/ConsultationModel.go:17.90,20.19 2 0
PetPalApp/mocks/ConsultationModel.go:20.19,21.60 1 0
PetPalApp/mocks/ConsultationModel.go:24.2,25.74 2 0
PetPalApp/mocks/ConsultationModel.go:25.74,27.3 1 0
PetPalApp/mocks/ConsultationModel.go:27.8,29.3 1 0
PetPalApp/mocks/ConsultationModel.go:31.2,31.11 1 0
PetPalApp/mocks/ConsultationModel.go:35.104,38.19 2 0
PetPalApp/mocks/ConsultationModel.go:38.19,39.58 1 0
PetPalApp/mocks/ConsultationModel.go:42.2,44.84 3 0
PetPalApp/mocks/ConsultationModel.go:44.84,46.3 1 0
PetPalApp/mocks/ConsultationModel.go:47.2,47.75 1 0
PetPalApp/mocks/ConsultationModel.go:47.75,49.3 1 0
PetPalApp/mocks/ConsultationModel.go:49.8,50.24 1 0
PetPalApp/mocks/ConsultationModel.go:50.24,52.4 1 0
PetPalApp/mocks/ConsultationModel.go:55.2,55.49 1 0
PetPalApp/mocks/ConsultationModel.go:55.49,57.3 1 0
PetPalApp/mocks/ConsultationModel.go:57.8,59.3 1 0
PetPalApp/mocks/ConsultationModel.go:61.2,61.15 1 0
PetPalApp/mocks/ConsultationModel.go:65.113,68.19 2 0
PetPalApp/mocks/ConsultationModel.go:68.19,69.68 1 0
PetPalApp/mocks/ConsultationModel.go:72.2,74.84 3 0
PetPalApp/mocks/ConsultationModel.go:74.84,76.3 1 0
PetPalApp/mocks/ConsultationModel.go:77.2,77.75 1 0
PetPalApp/mocks/ConsultationModel.go:77.75,79.3 1 0
PetPalApp/mocks/ConsultationModel.go:79.8,80.24 1 0
PetPalApp/mocks/ConsultationModel.go:80.24,82.4 1 0
PetPalApp/mocks/ConsultationModel.go:85.2,85.49 1 0
PetPalApp/mocks/ConsultationModel.go:85.49,87.3 1 0
PetPalApp/mocks/ConsultationModel.go:87.8,89.3 1 0
PetPalApp/mocks/ConsultationModel.go:91.2,91.15 1 0
PetPalApp/mocks/ConsultationModel.go:95.109,98.19 2 0
PetPalApp/mocks/ConsultationModel.go:98.19,99.66 1 0
PetPalApp/mocks/ConsultationModel.go:102.2,104.84 3 0
PetPalApp/mocks/ConsultationModel.go:104.84,106.3 1 0
PetPalApp/mocks/ConsultationModel.go:107.2,107.75 1 0
PetPalApp/mocks/ConsultationModel.go:107.75,109.3 1 0
PetPalApp/mocks/ConsultationModel.go:109.8,110.24 1 0
PetPalApp/mocks/ConsultationModel.go:110.24,112.4 1 0
PetPalApp/mocks/ConsultationModel.go:115.2,115.49 1 0
PetPalApp/mocks/ConsultationModel.go:115.49,117.3 1 0
PetPalApp/mocks/ConsultationModel.go:117.8,119.3 1 0
PetPalApp/mocks/ConsultationModel.go:121.2,121.15 1 0
PetPalApp/mocks/ConsultationModel.go:125.97,128.19 2 0
PetPalApp/mocks/ConsultationModel.go:128.19,129.59 1 0
PetPalApp/mocks/ConsultationModel.go:132.2,134.83 3 0
PetPalApp/mocks/ConsultationModel.go:134.83,136.3 1 0
PetPalApp/mocks/ConsultationModel.go:137.2,137.74 1 0
PetPalApp/mocks/ConsultationModel.go:137.74,139.3 1 0
PetPalApp/mocks/ConsultationModel.go:139.8,140.24 1 0
PetPalApp/mocks/ConsultationModel.go:140.24,142.4 1 0
PetPalApp/mocks/ConsultationModel.go:145.2,145.49 1 0
PetPalApp/mocks/ConsultationModel.go:145.49,147.3 1 0
PetPalApp/mocks/ConsultationModel.go:147.8,149.3 1 0
PetPalApp/mocks/ConsultationModel.go:151.2,151.15 1 0
PetPalApp/mocks/ConsultationModel.go:155.112,158.19 2 0
PetPalApp/mocks/ConsultationModel.go:158.19,159.60 1 0
PetPalApp/mocks/ConsultationModel.go:162.2,163.80 2 0
PetPalApp/mocks/ConsultationModel.go:163.80,165.3 1 0
PetPalApp/mocks/ConsultationModel.go:165.8,167.3 1 0
PetPalApp/mocks/ConsultationModel.go:169.2,169.11 1 0
PetPalApp/mocks/ConsultationModel.go:173.124,176.19 2 0
PetPalApp/mocks/ConsultationModel.go:176.19,177.50 1 0
PetPalApp/mocks/ConsultationModel.go:180.2,182.95 3 0
PetPalApp/mocks/ConsultationModel.go:182.95,184.3 1 0
PetPalApp/mocks/ConsultationModel.go:185.2,185.86 1 0
PetPalApp/mocks/ConsultationModel.go:185.86,187.3 1 0
PetPalApp/mocks/ConsultationModel.go:187.8,188.24 1 0
PetPalApp/mocks/ConsultationModel.go:188.24,190.4 1 0
PetPalApp/mocks/ConsultationModel.go:193.2,193.61 1 0
PetPalApp/mocks/ConsultationModel.go:193.61,195.3 1 0
PetPalApp/mocks/ConsultationModel.go:195.8,197.3 1 0
PetPalApp/mocks/ConsultationModel.go:199.2,199.15 1 0
PetPalApp/mocks/ConsultationModel.go:203.114,206.19 2 0
PetPalApp/mocks/ConsultationModel.go:206.19,207.56 1 0
PetPalApp/mocks/ConsultationModel.go:210.2,212.89 3 0
PetPalApp/mocks/ConsultationModel.go:212.89,214.3 1 0
PetPalApp/mocks/ConsultationModel.go:215.2,215.80 1 0
PetPalApp/mocks/ConsultationModel.go:215.80,217.3 1 0
PetPalApp/mocks/ConsultationModel.go:217.8,218.24 1 0
PetPalApp/mocks/ConsultationModel.go:218.24,220.4 1 0
PetPalApp/mocks/ConsultationModel.go:223.2,223.55 1 0
PetPalApp/mocks/ConsultationModel.go:223.55,225.3 1 0
PetPalApp/mocks/ConsultationModel.go:225.8,227.3 1 0
PetPalApp/mocks/ConsultationModel.go:229.2,229.15 1 0
PetPalApp/mocks/ConsultationModel.go:233.104,236.19 2 0
PetPalApp/mocks/ConsultationModel.go:236.19,237.53 1 0
PetPalApp/mocks/ConsultationModel.go:240.2,242.89 3 0
PetPalApp/mocks/ConsultationModel.go:242.89,244.3 1 0
PetPalApp/mocks/ConsultationModel.go:245.2,245.80 1 0
PetPalApp/mocks/ConsultationModel.go:245.80,247.3 1 0
PetPalApp/mocks/ConsultationModel.go:247.8,248.24 1 0
PetPalApp/mocks/ConsultationModel.go:248.24,250.4 1 0
PetPalApp/mocks/ConsultationModel.go:253.2,253.55 1 0
PetPalApp/mocks/ConsultationModel.go:253.55,255.3 1 0
PetPalApp/mocks/ConsultationModel.go:255.8,257.3 1 0
PetPalApp/mocks/ConsultationModel.go:259.2,259.15 1 0
PetPalApp/mocks/ConsultationModel.go:263.123,266.19 2 0
PetPalApp/mocks/ConsultationModel.go:266.19,267.49 1 0
PetPalApp/mocks/ConsultationModel.go:270.2,272.95 3 0
PetPalApp/mocks/ConsultationModel.go:272.95,274.3 1 0
PetPalApp/mocks/ConsultationModel.go:275.2,275.86 1 0
PetPalApp/mocks/ConsultationModel.go:275.86,277.3 1 0
PetPalApp/mocks/ConsultationModel.go:277.8,278.24 1 0
PetPalApp/mocks/ConsultationModel.go:278.24,280.4 1 0
PetPalApp/mocks/ConsultationModel.go:283.2,283.61 1 0
PetPalApp/mocks/ConsultationModel.go:283.61,285.3 1 0
PetPalApp/mocks/ConsultationModel.go:285.8,287.3 1 0
PetPalApp/mocks/ConsultationModel.go:289.2,289.15 1 0
PetPalApp/mocks/ConsultationModel.go:297.23,301.19 3 0
PetPalApp/mocks/ConsultationModel.go:301.19,301.49 1 0
PetPalApp/mocks/ConsultationModel.go:303.2,303.13 1 0
PetPalApp/mocks/ConsultationService.go:17.92,20.19 2 0
PetPalApp/mocks/ConsultationService.go:20.19,21.60 1 0
PetPalApp/mocks/ConsultationService.go:24.2,25.74 2 0
PetPalApp/mocks/ConsultationService.go:25.74,27.3 1 0
PetPalApp/mocks/ConsultationService.go:27.8,29.3 1 0
PetPalApp/mocks/ConsultationService.go:31.2,31.11 1 0
PetPalApp/mocks/ConsultationService.go:35.119,38.19 2 0
PetPalApp/mocks/ConsultationService.go:38.19,39.58 1 0
PetPalApp/mocks/ConsultationService.go:42.2,44.92 3 0
PetPalApp/mocks/ConsultationService.go:44.92,46.3 1 0
PetPalApp/mocks/ConsultationService.go:47.2,47.83 1 0
PetPalApp/mocks/ConsultationService.go:47.83,49.3 1 0
PetPalApp/mocks/ConsultationService.go:49.8,50.24 1 0
PetPalApp/mocks/ConsultationService.go:50.24,52.4 1 0
PetPalApp/mocks/ConsultationService.go:55.2,55.57 1 0
PetPalApp/mocks/ConsultationService.go:55.57,57.3 1 0
PetPalApp/mocks/ConsultationService.go:57.8,59.3 1 0
PetPalApp/mocks/ConsultationService.go:61.2,61.15 1 0
PetPalApp/mocks/ConsultationService.go:65.115,68.19 2 0
PetPalApp/mocks/ConsultationService.go:68.19,69.68 1 0
PetPalApp/mocks/ConsultationService.go:72.2,74.84 3 0
PetPalApp/mocks/ConsultationService.go:74.84,76.3 1 0
PetPalApp/mocks/ConsultationService.go:77.2,77.75 1 0
PetPalApp/mocks/ConsultationService.go:77.75,79.3 1 0
PetPalApp/mocks/ConsultationService.go:79.8,80.24 1 0
PetPalApp/mocks/ConsultationService.go:80.24,82.4 1 0
PetPalApp/mocks/ConsultationService.go:85.2,85.49 1 0
PetPalApp/mocks/ConsultationService.go:85.49,87.3 1 0
PetPalApp/mocks/ConsultationService.go:87.8,89.3 1 0
PetPalApp/mocks/ConsultationService.go:91.2,91.15 1 0
PetPalApp/mocks/ConsultationService.go:95.111,98.19 2 0
PetPalApp/mocks/ConsultationService.go:98.19,99.66 1 0
PetPalApp/mocks/ConsultationService.go:102.2,104.84 3 0
PetPalApp/mocks/ConsultationService.go:104.84,106.3 1 0
PetPalApp/mocks/ConsultationService.go:107.2,107.75 1 0
PetPalApp/mocks/ConsultationService.go:107.75,109.3 1 0
PetPalApp/mocks/ConsultationService.go:109.8,110.24 1 0
PetPalApp/mocks/ConsultationService.go:110.24,112.4 1 0
PetPalApp/mocks/ConsultationService.go:115.2,115.49 1 0
PetPalApp/mocks/ConsultationService.go:115.49,117.3 1 0
PetPalApp/mocks/ConsultationService.go:117.8,119.3 1 0
PetPalApp/mocks/ConsultationService.go:121.2,121.15 1 0
PetPalApp/mocks/ConsultationService.go:125.108,128.19 2 0
PetPalApp/mocks/ConsultationService.go:128.19,129.60 1 0
PetPalApp/mocks/ConsultationService.go:132.2,133.80 2 0
PetPalApp/mocks/ConsultationService.go:133.80,135.3 1 0
PetPalApp/mocks/ConsultationService.go:135.8,137.3 1 0
PetPalApp/mocks/ConsultationService.go:139.2,139.11 1 0
PetPalApp/mocks/ConsultationService.go:147.25,151.19 3 0
PetPalApp/mocks/ConsultationService.go:151.19,151.49 1 0
PetPalApp/mocks/ConsultationService.go:153.2,153.13 1 0
PetPalApp/mocks/DoctorModel.go:20.57,23.19 2 1
PetPalApp/mocks/DoctorModel.go:23.19,24.51 1 0
PetPalApp/mocks/DoctorModel.go:27.2,28.56 2 1
PetPalApp/mocks/DoctorModel.go:28.56,30.3 1 0
PetPalApp/mocks/DoctorModel.go:30.8,32.3 1 1
PetPalApp/mocks/DoctorModel.go:34.2,34.11 1 1
PetPalApp/mocks/DoctorModel.go:38.51,41.19 2 1
PetPalApp/mocks/DoctorModel.go:41.19,42.48 1 0
PetPalApp/mocks/DoctorModel.go:45.2,46.49 2 1
PetPalApp/mocks/DoctorModel.go:46.49,48.3 1 0
PetPalApp/mocks/DoctorModel.go:48.8,50.3 1 1
PetPalApp/mocks/DoctorModel.go:52.2,52.11 1 1
PetPalApp/mocks/DoctorModel.go:56.76,59.19 2 1
PetPalApp/mocks/DoctorModel.go:59.19,60.54 1 0
PetPalApp/mocks/DoctorModel.go:63.2,64.62 2 1
PetPalApp/mocks/DoctorModel.go:64.62,66.3 1 0
PetPalApp/mocks/DoctorModel.go:66.8,68.3 1 1
PetPalApp/mocks/DoctorModel.go:70.2,70.11 1 1
PetPalApp/mocks/DoctorModel.go:74.65,77.19 2 0
PetPalApp/mocks/DoctorModel.go:77.19,78.57 1 0
PetPalApp/mocks/DoctorModel.go:81.2,83.62 3 0
PetPalApp/mocks/DoctorModel.go:83.62,85.3 1 0
PetPalApp/mocks/DoctorModel.go:86.2,86.53 1 0
PetPalApp/mocks/DoctorModel.go:86.53,88.3 1 0
PetPalApp/mocks/DoctorModel.go:88.8,89.24 1 0
PetPalApp/mocks/DoctorModel.go:89.24,91.4 1 0
PetPalApp/mocks/DoctorModel.go:94.2,94.45 1 0
PetPalApp/mocks/DoctorModel.go:94.45,96.3 1 0
PetPalApp/mocks/DoctorModel.go:96.8,98.3 1 0
PetPalApp/mocks/DoctorModel.go:100.2,100.15 1 0
PetPalApp/mocks/DoctorModel.go:104.82,107.19 2 1
PetPalApp/mocks/DoctorModel.go:107.19,108.60 1 0
PetPalApp/mocks/DoctorModel.go:111.2,113.73 3 1
PetPalApp/mocks/DoctorModel.go:113.73,115.3 1 0
PetPalApp/mocks/DoctorModel.go:116.2,116.64 1 1
PetPalApp/mocks/DoctorModel.go:116.64,118.3 1 0
PetPalApp/mocks/DoctorModel.go:118.8,119.24 1 1
PetPalApp/mocks/DoctorModel.go:119.24,121.4 1 1
PetPalApp/mocks/DoctorModel.go:124.2,124.49 1 1
PetPalApp/mocks/DoctorModel.go:124.49,126.3 1 0
PetPalApp/mocks/DoctorModel.go:126.8,128.3 1 1
PetPalApp/mocks/DoctorModel.go:130.2,130.15 1 1
PetPalApp/mocks/DoctorModel.go:134.71,137.19 2 1
PetPalApp/mocks/DoctorModel.go:137.19,138.57 1 0
PetPalApp/mocks/DoctorModel.go:141.2,143.65 3 1
PetPalApp/mocks/DoctorModel.go:143.65,145.3 1 0
PetPalApp/mocks/DoctorModel.go:146.2,146.56 1 1
PetPalApp/mocks/DoctorModel.go:146.56,148.3 1 0
PetPalApp/mocks/DoctorModel.go:148.8,149.24 1 1
PetPalApp/mocks/DoctorModel.go:149.24,151.4 1 1
PetPalApp/mocks/DoctorModel.go:154.2,154.49 1 1
PetPalApp/mocks/DoctorModel.go:154.49,156.3 1 0
PetPalApp/mocks/DoctorModel.go:156.8,158.3 1 1
PetPalApp/mocks/DoctorModel.go:160.2,160.15 1 1
PetPalApp/mocks/DoctorModel.go:164.72,167.19 2 0
PetPalApp/mocks/DoctorModel.go:167.19,168.58 1 0
PetPalApp/mocks/DoctorModel.go:171.2,173.65 3 0
PetPalApp/mocks/DoctorModel.go:173.65,175.3 1 0
PetPalApp/mocks/DoctorModel.go:176.2,176.56 1 0
PetPalApp/mocks/DoctorModel.go:176.56,178.3 1 0
PetPalApp/mocks/DoctorModel.go:178.8,179.24 1 0
PetPalApp/mocks/DoctorModel.go:179.24,181.4 1 0
PetPalApp/mocks/DoctorModel.go:184.2,184.49 1 0
PetPalApp/mocks/DoctorModel.go:184.49,186.3 1 0
PetPalApp/mocks/DoctorModel.go:186.8,188.3 1 0
PetPalApp/mocks/DoctorModel.go:190.2,190.15 1 0
PetPalApp/mocks/DoctorModel.go:194.80,197.19 2 0
PetPalApp/mocks/DoctorModel.go:197.19,198.59 1 0
PetPalApp/mocks/DoctorModel.go:201.2,203.72 3 0
PetPalApp/mocks/DoctorModel.go:203.72,205.3 1 0
PetPalApp/mocks/DoctorModel.go:206.2,206.63 1 0
PetPalApp/mocks/DoctorModel.go:206.63,208.3 1 0
PetPalApp/mocks/DoctorModel.go:208.8,209.24 1 0
PetPalApp/mocks/DoctorModel.go:209.24,211.4 1 0
PetPalApp/mocks/DoctorModel.go:214.2,214.49 1 0
PetPalApp/mocks/DoctorModel.go:214.49,216.3 1 0
PetPalApp/mocks/DoctorModel.go:216.8,218.3 1 0
PetPalApp/mocks/DoctorModel.go:220.2,220.15 1 0
PetPalApp/mocks/DoctorModel.go:228.17,232.19 3 0
PetPalApp/mocks/DoctorModel.go:232.19,232.49 1 0
PetPalApp/mocks/DoctorModel.go:234.2,234.13 1 0
PetPalApp/mocks/DoctorService.go:20.110,23.19 2 0
PetPalApp/mocks/DoctorService.go:23.19,24.51 1 0
PetPalApp/mocks/DoctorService.go:27.2,29.85 3 0
PetPalApp/mocks/DoctorService.go:29.85,31.3 1 0
PetPalApp/mocks/DoctorService.go:32.2,32.76 1 0
PetPalApp/mocks/DoctorService.go:32.76,34.3 1 0
PetPalApp/mocks/DoctorService.go:34.8,36.3 1 0
PetPalApp/mocks/DoctorService.go:38.2,38.75 1 0
PetPalApp/mocks/DoctorService.go:38.75,40.3 1 0
PetPalApp/mocks/DoctorService.go:40.8,42.3 1 0
PetPalApp/mocks/DoctorService.go:44.2,44.15 1 0
PetPalApp/mocks/DoctorService.go:48.53,51.19 2 0
PetPalApp/mocks/DoctorService.go:51.19,52.48 1 0
PetPalApp/mocks/DoctorService.go:55.2,56.49 2 0
PetPalApp/mocks/DoctorService.go:56.49,58.3 1 0
PetPalApp/mocks/DoctorService.go:58.8,60.3 1 0
PetPalApp/mocks/DoctorService.go:62.2,62.11 1 0
PetPalApp/mocks/DoctorService.go:66.96,69.19 2 0
PetPalApp/mocks/DoctorService.go:69.19,70.66 1 0
PetPalApp/mocks/DoctorService.go:73.2,75.73 3 0
PetPalApp/mocks/DoctorService.go:75.73,77.3 1 0
PetPalApp/mocks/DoctorService.go:78.2,78.64 1 0
PetPalApp/mocks/DoctorService.go:78.64,80.3 1 0
PetPalApp/mocks/DoctorService.go:80.8,81.24 1 0
PetPalApp/mocks/DoctorService.go:81.24,83.4 1 0
PetPalApp/mocks/DoctorService.go:86.2,86.49 1 0
PetPalApp/mocks/DoctorService.go:86.49,88.3 1 0
PetPalApp/mocks/DoctorService.go:88.8,90.3 1 0
PetPalApp/mocks/DoctorService.go:92.2,92.15 1 0
PetPalApp/mocks/DoctorService.go:96.81,99.19 2 0
PetPalApp/mocks/DoctorService.go:99.19,100.60 1 0
PetPalApp/mocks/DoctorService.go:103.2,105.65 3 0
PetPalApp/mocks/DoctorService.go:105.65,107.3 1 0
PetPalApp/mocks/DoctorService.go:108.2,108.56 1 0
PetPalApp/mocks/DoctorService.go:108.56,110.3 1 0
PetPalApp/mocks/DoctorService.go:110.8,111.24 1 0
PetPalApp/mocks/DoctorService.go:111.24,113.4 1 0
PetPalApp/mocks/DoctorService.go:116.2,116.49 1 0
PetPalApp/mocks/DoctorService.go:116.49,118.3 1 0
PetPalApp/mocks/DoctorService.go:118.8,120.3 1 0
PetPalApp/mocks/DoctorService.go:122.2,122.15 1 0
PetPalApp/mocks/DoctorService.go:126.131,129.19 2 0
PetPalApp/mocks/DoctorService.go:129.19,130.57 1 0
PetPalApp/mocks/DoctorService.go:133.2,135.91 3 0
PetPalApp/mocks/DoctorService.go:135.91,137.3 1 0
PetPalApp/mocks/DoctorService.go:138.2,138.82 1 0
PetPalApp/mocks/DoctorService.go:138.82,140.3 1 0
PetPalApp/mocks/DoctorService.go:140.8,142.3 1 0
PetPalApp/mocks/DoctorService.go:144.2,144.81 1 0
PetPalApp/mocks/DoctorService.go:144.81,146.3 1 0
PetPalApp/mocks/DoctorService.go:146.8,148.3 1 0
PetPalApp/mocks/DoctorService.go:150.2,150.15 1 0
PetPalApp/mocks/DoctorService.go:158.19,162.19 3 0
PetPalApp/mocks/DoctorService.go:162.19,162.49 1 0
PetPalApp/mocks/DoctorService.go:164.2,164.13 1 0
PetPalApp/mocks/HashInterface.go:13.78,16.19 2 0
PetPalApp/mocks/HashInterface.go:16.19,17.59 1 0
PetPalApp/mocks/HashInterface.go:20.2,21.58 2 0
PetPalApp/mocks/HashInterface.go:21.58,23.3 1 0
PetPalApp/mocks/HashInterface.go:23.8,25.3 1 0
PetPalApp/mocks/HashInterface.go:27.2,27.11 1 0
PetPalApp/mocks/HashInterface.go:31.69,34.19 2 0
PetPalApp/mocks/HashInterface.go:34.19,35.54 1 0
PetPalApp/mocks/HashInterface.go:38.2,40.61 3 0
PetPalApp/mocks/HashInterface.go:40.61,42.3 1 0
PetPalApp/mocks/HashInterface.go:43.2,43.52 1 0
PetPalApp/mocks/HashInterface.go:43.52,45.3 1 0
PetPalApp/mocks/HashInterface.go:45.8,47.3 1 0
PetPalApp/mocks/HashInterface.go:49.2,49.51 1 0
PetPalApp/mocks/HashInterface.go:49.51,51.3 1 0
PetPalApp/mocks/HashInterface.go:51.8,53.3 1 0
PetPalApp/mocks/HashInterface.go:55.2,55.15 1 0
PetPalApp/mocks/HashInterface.go:63.19,67.19 3 0
PetPalApp/mocks/HashInterface.go:67.19,67.49 1 0
PetPalApp/mocks/HashInterface.go:69.2,69.13 1 0
PetPalApp/mocks/HelperInterface.go:21.74,24.19 2 0
PetPalApp/mocks/HelperInterface.go:24.19,25.65 1 0
PetPalApp/mocks/HelperInterface.go:28.2,29.53 2 0
PetPalApp/mocks/HelperInterface.go:29.53,31.3 1 0
PetPalApp/mocks/HelperInterface.go:31.8,32.24 1 0
PetPalApp/mocks/HelperInterface.go:32.24,34.4 1 0
PetPalApp/mocks/HelperInterface.go:37.2,37.11 1 0
PetPalApp/mocks/HelperInterface.go:41.64,44.19 2 0
PetPalApp/mocks/HelperInterface.go:44.19,45.59 1 0
PetPalApp/mocks/HelperInterface.go:48.2,49.53 2 0
PetPalApp/mocks/HelperInterface.go:49.53,51.3 1 0
PetPalApp/mocks/HelperInterface.go:51.8,53.3 1 0
PetPalApp/mocks/HelperInterface.go:55.2,55.11 1 0
PetPalApp/mocks/HelperInterface.go:59.99,62.19 2 0
PetPalApp/mocks/HelperInterface.go:62.19,63.63 1 0
PetPalApp/mocks/HelperInterface.go:66.2,67.72 2 0
PetPalApp/mocks/HelperInterface.go:67.72,69.3 1 0
PetPalApp/mocks/HelperInterface.go:69.8,70.24 1 0
PetPalApp/mocks/HelperInterface.go:70.24,72.4 1 0
PetPalApp/mocks/HelperInterface.go:75.2,75.11 1 0
PetPalApp/mocks/HelperInterface.go:79.104,82.19 2 0
PetPalApp/mocks/HelperInterface.go:82.19,83.64 1 0
PetPalApp/mocks/HelperInterface.go:86.2,87.74 2 0
PetPalApp/mocks/HelperInterface.go:87.74,89.3 1 0
PetPalApp/mocks/HelperInterface.go:89.8,90.24 1 0
PetPalApp/mocks/HelperInterface.go:90.24,92.4 1 0
PetPalApp/mocks/HelperInterface.go:95.2,95.11 1 0
PetPalApp/mocks/HelperInterface.go:99.96,102.19 2 0
PetPalApp/mocks/HelperInterface.go:102.19,103.60 1 0
PetPalApp/mocks/HelperInterface.go:106.2,108.72 3 0
PetPalApp/mocks/HelperInterface.go:108.72,110.3 1 0
PetPalApp/mocks/HelperInterface.go:111.2,111.63 1 0
PetPalApp/mocks/HelperInterface.go:111.63,113.3 1 0
PetPalApp/mocks/HelperInterface.go:113.8,115.3 1 0
PetPalApp/mocks/HelperInterface.go:117.2,117.62 1 0
PetPalApp/mocks/HelperInterface.go:117.62,119.3 1 0
PetPalApp/mocks/HelperInterface.go:119.8,121.3 1 0
PetPalApp/mocks/HelperInterface.go:123.2,123.15 1 0
PetPalApp/mocks/HelperInterface.go:127.97,130.19 2 1
PetPalApp/mocks/HelperInterface.go:130.19,131.61 1 0
PetPalApp/mocks/HelperInterface.go:134.2,136.72 3 1
PetPalApp/mocks/HelperInterface.go:136.72,138.3 1 0
PetPalApp/mocks/HelperInterface.go:139.2,139.63 1 1
PetPalApp/mocks/HelperInterface.go:139.63,141.3 1 0
PetPalApp/mocks/HelperInterface.go:141.8,143.3 1 1
PetPalApp/mocks/HelperInterface.go:145.2,145.62 1 1
PetPalApp/mocks/HelperInterface.go:145.62,147.3 1 0
PetPalApp/mocks/HelperInterface.go:147.8,149.3 1 1
PetPalApp/mocks/HelperInterface.go:151.2,151.15 1 1
PetPalApp/mocks/HelperInterface.go:155.98,158.19 2 0
PetPalApp/mocks/HelperInterface.go:158.19,159.62 1 0
PetPalApp/mocks/HelperInterface.go:162.2,164.72 3 0
PetPalApp/mocks/HelperInterface.go:164.72,166.3 1 0
PetPalApp/mocks/HelperInterface.go:167.2,167.63 1 0
PetPalApp/mocks/HelperInterface.go:167.63,169.3 1 0
PetPalApp/mocks/HelperInterface.go:169.8,171.3 1 0
PetPalApp/mocks/HelperInterface.go:173.2,173.62 1 0
PetPalApp/mocks/HelperInterface.go:173.62,175.3 1 0
PetPalApp/mocks/HelperInterface.go:175.8,177.3 1 0
PetPalApp/mocks/HelperInterface.go:179.2,179.15 1 0
PetPalApp/mocks/HelperInterface.go:183.98,186.19 2 0
PetPalApp/mocks/HelperInterface.go:186.19,187.62 1 0
PetPalApp/mocks/HelperInterface.go:190.2,192.72 3 0
PetPalApp/mocks/HelperInterface.go:192.72,194.3 1 0
PetPalApp/mocks/HelperInterface.go:195.2,195.63 1 0
PetPalApp/mocks/HelperInterface.go:195.63,197.3 1 0
PetPalApp/mocks/HelperInterface.go:197.8,199.3 1 0
PetPalApp/mocks/HelperInterface.go:201.2,201.62 1 0
PetPalApp/mocks/HelperInterface.go:201.62,203.3 1 0
PetPalApp/mocks/HelperInterface.go:203.8,205.3 1 0
PetPalApp/mocks/HelperInterface.go:207.2,207.15 1 0
PetPalApp/mocks/HelperInterface.go:215.21,219.19 3 0
PetPalApp/mocks/HelperInterface.go:219.19,219.49 1 0
PetPalApp/mocks/HelperInterface.go:221.2,221.13 1 0
PetPalApp/mocks/HelperuserInterface.go:13.77,16.2 2 0
PetPalApp/mocks/HelperuserInterface.go:18.71,21.2 2 0
PetPalApp/mocks/HelperuserInterface.go:28.25,32.19 3 0
PetPalApp/mocks/HelperuserInterface.go:32.19,32.49 1 0
PetPalApp/mocks/HelperuserInterface.go:34.2,34.13 1 0
PetPalApp/mocks/JwtInterface.go:17.78,20.19 2 0
PetPalApp/mocks/JwtInterface.go:20.19,21.53 1 0
PetPalApp/mocks/JwtInterface.go:24.2,26.66 3 0
PetPalApp/mocks/JwtInterface.go:26.66,28.3 1 0
PetPalApp/mocks/JwtInterface.go:29.2,29.57 1 0
PetPalApp/mocks/JwtInterface.go:29.57,31.3 1 0
PetPalApp/mocks/JwtInterface.go:31.8,33.3 1 0
PetPalApp/mocks/JwtInterface.go:35.2,35.56 1 0
PetPalApp/mocks/JwtInterface.go:35.56,37.3 1 0
PetPalApp/mocks/JwtInterface.go:37.8,39.3 1 0
PetPalApp/mocks/JwtInterface.go:41.2,41.15 1 0
PetPalApp/mocks/JwtInterface.go:45.81,48.19 2 0
PetPalApp/mocks/JwtInterface.go:48.19,49.60 1 0
PetPalApp/mocks/JwtInterface.go:52.2,55.72 4 0
PetPalApp/mocks/JwtInterface.go:55.72,57.3 1 0
PetPalApp/mocks/JwtInterface.go:58.2,58.55 1 0
PetPalApp/mocks/JwtInterface.go:58.55,60.3 1 0
PetPalApp/mocks/JwtInterface.go:60.8,62.3 1 0
PetPalApp/mocks/JwtInterface.go:64.2,64.58 1 0
PetPalApp/mocks/JwtInterface.go:64.58,66.3 1 0
PetPalApp/mocks/JwtInterface.go:66.8,68.3 1 0
PetPalApp/mocks/JwtInterface.go:70.2,70.57 1 0
PetPalApp/mocks/JwtInterface.go:70.57,72.3 1 0
PetPalApp/mocks/JwtInterface.go:72.8,74.3 1 0
PetPalApp/mocks/JwtInterface.go:76.2,76.19 1 0
PetPalApp/mocks/JwtInterface.go:80.61,83.19 2 0
PetPalApp/mocks/JwtInterface.go:83.19,84.55 1 0
PetPalApp/mocks/JwtInterface.go:87.2,88.59 2 0
PetPalApp/mocks/JwtInterface.go:88.59,90.3 1 0
PetPalApp/mocks/JwtInterface.go:90.8,91.24 1 0
PetPalApp/mocks/JwtInterface.go:91.24,93.4 1 0
PetPalApp/mocks/JwtInterface.go:96.2,96.11 1 0
PetPalApp/mocks/JwtInterface.go:104.18,108.19 3 0
PetPalApp/mocks/JwtInterface.go:108.19,108.49 1 0
PetPalApp/mocks/JwtInterface.go:110.2,110.13 1 0
PetPalApp/mocks/OrderModel.go:17.73,20.19 2 0
PetPalApp/mocks/OrderModel.go:20.19,21.53 1 0
PetPalApp/mocks/OrderModel.go:24.2,26.71 3 0
PetPalApp/mocks/OrderModel.go:26.71,28.3 1 0
PetPalApp/mocks/OrderModel.go:29.2,29.62 1 0
PetPalApp/mocks/OrderModel.go:29.62,31.3 1 0
PetPalApp/mocks/OrderModel.go:31.8,33.3 1 0
PetPalApp/mocks/OrderModel.go:35.2,35.56 1 0
PetPalApp/mocks/OrderModel.go:35.56,37.3 1 0
PetPalApp/mocks/OrderModel.go:37.8,39.3 1 0
PetPalApp/mocks/OrderModel.go:41.2,41.15 1 0
PetPalApp/mocks/OrderModel.go:45.72,48.19 2 0
PetPalApp/mocks/OrderModel.go:48.19,49.54 1 0
PetPalApp/mocks/OrderModel.go:52.2,54.65 3 0
PetPalApp/mocks/OrderModel.go:54.65,56.3 1 0
PetPalApp/mocks/OrderModel.go:57.2,57.56 1 0
PetPalApp/mocks/OrderModel.go:57.56,59.3 1 0
PetPalApp/mocks/OrderModel.go:59.8,60.24 1 0
PetPalApp/mocks/OrderModel.go:60.24,62.4 1 0
PetPalApp/mocks/OrderModel.go:65.2,65.49 1 0
PetPalApp/mocks/OrderModel.go:65.49,67.3 1 0
PetPalApp/mocks/OrderModel.go:67.8,69.3 1 0
PetPalApp/mocks/OrderModel.go:71.2,71.15 1 0
PetPalApp/mocks/OrderModel.go:75.77,78.19 2 0
PetPalApp/mocks/OrderModel.go:78.19,79.59 1 0
PetPalApp/mocks/OrderModel.go:82.2,84.66 3 0
PetPalApp/mocks/OrderModel.go:84.66,86.3 1 0
PetPalApp/mocks/OrderModel.go:87.2,87.57 1 0
PetPalApp/mocks/OrderModel.go:87.57,89.3 1 0
PetPalApp/mocks/OrderModel.go:89.8,90.24 1 0
PetPalApp/mocks/OrderModel.go:90.24,92.4 1 0
PetPalApp/mocks/OrderModel.go:95.2,95.49 1 0
PetPalApp/mocks/OrderModel.go:95.49,97.3 1 0
PetPalApp/mocks/OrderModel.go:97.8,99.3 1 0
PetPalApp/mocks/OrderModel.go:101.2,101.15 1 0
PetPalApp/mocks/OrderModel.go:105.78,108.19 2 0
PetPalApp/mocks/OrderModel.go:108.19,109.56 1 0
PetPalApp/mocks/OrderModel.go:112.2,114.67 3 0
PetPalApp/mocks/OrderModel.go:114.67,116.3 1 0
PetPalApp/mocks/OrderModel.go:117.2,117.58 1 0
PetPalApp/mocks/OrderModel.go:117.58,119.3 1 0
PetPalApp/mocks/OrderModel.go:119.8,120.24 1 0
PetPalApp/mocks/OrderModel.go:120.24,122.4 1 0
PetPalApp/mocks/OrderModel.go:125.2,125.49 1 0
PetPalApp/mocks/OrderModel.go:125.49,127.3 1 0
PetPalApp/mocks/OrderModel.go:127.8,129.3 1 0
PetPalApp/mocks/OrderModel.go:131.2,131.15 1 0
PetPalApp/mocks/OrderModel.go:139.16,143.19 3 0
PetPalApp/mocks/OrderModel.go:143.19,143.49 1 0
PetPalApp/mocks/OrderModel.go:145.2,145.13 1 0
PetPalApp/mocks/OrderService.go:17.75,20.19 2 0
PetPalApp/mocks/OrderService.go:20.19,21.53 1 0
PetPalApp/mocks/OrderService.go:24.2,26.71 3 0
PetPalApp/mocks/OrderService.go:26.71,28.3 1 0
PetPalApp/mocks/OrderService.go:29.2,29.62 1 0
PetPalApp/mocks/OrderService.go:29.62,31.3 1 0
PetPalApp/mocks/OrderService.go:31.8,33.3 1 0
PetPalApp/mocks/OrderService.go:35.2,35.56 1 0
PetPalApp/mocks/OrderService.go:35.56,37.3 1 0
PetPalApp/mocks/OrderService.go:37.8,39.3 1 0
PetPalApp/mocks/OrderService.go:41.2,41.15 1 0
PetPalApp/mocks/OrderService.go:45.74,48.19 2 0
PetPalApp/mocks/OrderService.go:48.19,49.54 1 0
PetPalApp/mocks/OrderService.go:52.2,54.65 3 0
PetPalApp/mocks/OrderService.go:54.65,56.3 1 0
PetPalApp/mocks/OrderService.go:57.2,57.56 1 0
PetPalApp/mocks/OrderService.go:57.56,59.3 1 0
PetPalApp/mocks/OrderService.go:59.8,60.24 1 0
PetPalApp/mocks/OrderService.go:60.24,62.4 1 0
PetPalApp/mocks/OrderService.go:65.2,65.49 1 0
PetPalApp/mocks/OrderService.go:65.49,67.3 1 0
PetPalApp/mocks/OrderService.go:67.8,69.3 1 0
PetPalApp/mocks/OrderService.go:71.2,71.15 1 0
PetPalApp/mocks/OrderService.go:75.79,78.19 2 0
PetPalApp/mocks/OrderService.go:78.19,79.59 1 0
PetPalApp/mocks/OrderService.go:82.2,84.66 3 0
PetPalApp/mocks/OrderService.go:84.66,86.3 1 0
PetPalApp/mocks/OrderService.go:87.2,87.57 1 0
PetPalApp/mocks/OrderService.go:87.57,89.3 1 0
PetPalApp/mocks/OrderService.go:89.8,90.24 1 0
PetPalApp/mocks/OrderService.go:90.24,92.4 1 0
PetPalApp/mocks/OrderService.go:95.2,95.49 1 0
PetPalApp/mocks/OrderService.go:95.49,97.3 1 0
PetPalApp/mocks/OrderService.go:97.8,99.3 1 0
PetPalApp/mocks/OrderService.go:101.2,101.15 1 0
PetPalApp/mocks/OrderService.go:105.73,108.19 2 0
PetPalApp/mocks/OrderService.go:108.19,109.56 1 0
PetPalApp/mocks/OrderService.go:112.2,114.67 3 0
PetPalApp/mocks/OrderService.go:114.67,116.3 1 0
PetPalApp/mocks/OrderService.go:117.2,117.58 1 0
PetPalApp/mocks/OrderService.go:117.58,119.3 1 0
PetPalApp/mocks/OrderService.go:119.8,120.24 1 0
PetPalApp/mocks/OrderService.go:120.24,122.4 1 0
PetPalApp/mocks/OrderService.go:125.2,125.49 1 0
PetPalApp/mocks/OrderService.go:125.49,127.3 1 0
PetPalApp/mocks/OrderService.go:127.8,129.3 1 0
PetPalApp/mocks/OrderService.go:131.2,131.15 1 0
PetPalApp/mocks/OrderService.go:139.18,143.19 3 0
PetPalApp/mocks/OrderService.go:143.19,143.49 1 0
PetPalApp/mocks/OrderService.go:145.2,145.13 1 0
PetPalApp/mocks/PaymentModel.go:17.78,20.19 2 0
PetPalApp/mocks/PaymentModel.go:20.19,21.48 1 0
PetPalApp/mocks/PaymentModel.go:24.2,26.79 3 0
PetPalApp/mocks/PaymentModel.go:26.79,28.3 1 0
PetPalApp/mocks/PaymentModel.go:29.2,29.70 1 0
PetPalApp/mocks/PaymentModel.go:29.70,31.3 1 0
PetPalApp/mocks/PaymentModel.go:31.8,33.3 1 0
PetPalApp/mocks/PaymentModel.go:35.2,35.60 1 0
PetPalApp/mocks/PaymentModel.go:35.60,37.3 1 0
PetPalApp/mocks/PaymentModel.go:37.8,39.3 1 0
PetPalApp/mocks/PaymentModel.go:41.2,41.15 1 0
PetPalApp/mocks/PaymentModel.go:45.76,48.19 2 0
PetPalApp/mocks/PaymentModel.go:48.19,49.54 1 0
PetPalApp/mocks/PaymentModel.go:52.2,54.67 3 0
PetPalApp/mocks/PaymentModel.go:54.67,56.3 1 0
PetPalApp/mocks/PaymentModel.go:57.2,57.58 1 0
PetPalApp/mocks/PaymentModel.go:57.58,59.3 1 0
PetPalApp/mocks/PaymentModel.go:59.8,60.24 1 0
PetPalApp/mocks/PaymentModel.go:60.24,62.4 1 0
PetPalApp/mocks/PaymentModel.go:65.2,65.49 1 0
PetPalApp/mocks/PaymentModel.go:65.49,67.3 1 0
PetPalApp/mocks/PaymentModel.go:67.8,69.3 1 0
PetPalApp/mocks/PaymentModel.go:71.2,71.15 1 0
PetPalApp/mocks/PaymentModel.go:75.82,78.19 2 0
PetPalApp/mocks/PaymentModel.go:78.19,79.56 1 0
PetPalApp/mocks/PaymentModel.go:82.2,84.69 3 0
PetPalApp/mocks/PaymentModel.go:84.69,86.3 1 0
PetPalApp/mocks/PaymentModel.go:87.2,87.60 1 0
PetPalApp/mocks/PaymentModel.go:87.60,89.3 1 0
PetPalApp/mocks/PaymentModel.go:89.8,90.24 1 0
PetPalApp/mocks/PaymentModel.go:90.24,92.4 1 0
PetPalApp/mocks/PaymentModel.go:95.2,95.49 1 0
PetPalApp/mocks/PaymentModel.go:95.49,97.3 1 0
PetPalApp/mocks/PaymentModel.go:97.8,99.3 1 0
PetPalApp/mocks/PaymentModel.go:101.2,101.15 1 0
PetPalApp/mocks/PaymentModel.go:105.74,108.19 2 0
PetPalApp/mocks/PaymentModel.go:108.19,109.53 1 0
PetPalApp/mocks/PaymentModel.go:112.2,114.66 3 0
PetPalApp/mocks/PaymentModel.go:114.66,116.3 1 0
PetPalApp/mocks/PaymentModel.go:117.2,117.57 1 0
PetPalApp/mocks/PaymentModel.go:117.57,119.3 1 0
PetPalApp/mocks/PaymentModel.go:119.8,120.24 1 0
PetPalApp/mocks/PaymentModel.go:120.24,122.4 1 0
PetPalApp/mocks/PaymentModel.go:125.2,125.49 1 0
PetPalApp/mocks/PaymentModel.go:125.49,127.3 1 0
PetPalApp/mocks/PaymentModel.go:127.8,129.3 1 0
PetPalApp/mocks/PaymentModel.go:131.2,131.15 1 0
PetPalApp/mocks/PaymentModel.go:139.18,143.19 3 0
PetPalApp/mocks/PaymentModel.go:143.19,143.49 1 0
PetPalApp/mocks/PaymentModel.go:145.2,145.13 1 0
PetPalApp/mocks/PaymentService.go:17.87,20.19 2 0
PetPalApp/mocks/PaymentService.go:20.19,21.55 1 0
PetPalApp/mocks/PaymentService.go:24.2,26.79 3 0
PetPalApp/mocks/PaymentService.go:26.79,28.3 1 0
PetPalApp/mocks/PaymentService.go:29.2,29.70 1 0
PetPalApp/mocks/PaymentService.go:29.70,31.3 1 0
PetPalApp/mocks/PaymentService.go:31.8,33.3 1 0
PetPalApp/mocks/PaymentService.go:35.2,35.60 1 0
PetPalApp/mocks/PaymentService.go:35.60,37.3 1 0
PetPalApp/mocks/PaymentService.go:37.8,39.3 1 0
PetPalApp/mocks/PaymentService.go:41.2,41.15 1 0
PetPalApp/mocks/PaymentService.go:45.73,48.19 2 0
PetPalApp/mocks/PaymentService.go:48.19,49.54 1 0
PetPalApp/mocks/PaymentService.go:52.2,54.67 3 0
PetPalApp/mocks/PaymentService.go:54.67,56.3 1 0
PetPalApp/mocks/PaymentService.go:57.2,57.58 1 0
PetPalApp/mocks/PaymentService.go:57.58,59.3 1 0
PetPalApp/mocks/PaymentService.go:59.8,60.24 1 0
PetPalApp/mocks/PaymentService.go:60.24,62.4 1 0
PetPalApp/mocks/PaymentService.go:65.2,65.49 1 0
PetPalApp/mocks/PaymentService.go:65.49,67.3 1 0
PetPalApp/mocks/PaymentService.go:67.8,69.3 1 0
PetPalApp/mocks/PaymentService.go:71.2,71.15 1 0
PetPalApp/mocks/PaymentService.go:75.77,78.19 2 0
PetPalApp/mocks/PaymentService.go:78.19,79.56 1 0
PetPalApp/mocks/PaymentService.go:82.2,84.69 3 0
PetPalApp/mocks/PaymentService.go:84.69,86.3 1 0
PetPalApp/mocks/PaymentService.go:87.2,87.60 1 0
PetPalApp/mocks/PaymentService.go:87.60,89.3 1 0
PetPalApp/mocks/PaymentService.go:89.8,90.24 1 0
PetPalApp/mocks/PaymentService.go:90.24,92.4 1 0
PetPalApp/mocks/PaymentService.go:95.2,95.49 1 0
PetPalApp/mocks/PaymentService.go:95.49,97.3 1 0
PetPalApp/mocks/PaymentService.go:97.8,99.3 1 0
PetPalApp/mocks/PaymentService.go:101.2,101.15 1 0
PetPalApp/mocks/PaymentService.go:105.71,108.19 2 0
PetPalApp/mocks/PaymentService.go:108.19,109.53 1 0
PetPalApp/mocks/PaymentService.go:112.2,114.66 3 0
PetPalApp/mocks/PaymentService.go:114.66,116.3 1 0
PetPalApp/mocks/PaymentService.go:117.2,117.57 1 0
PetPalApp/mocks/PaymentService.go:117.57,119.3 1 0
PetPalApp/mocks/PaymentService.go:119.8,120.24 1 0
PetPalApp/mocks/PaymentService.go:120.24,122.4 1 0
[...]
PetPalApp/mocks/OrderService.go:54.65,56.3 1 0
PetPalApp/mocks/OrderService.go:57.2,57.56 1 0
PetPalApp/mocks/OrderService.go:57.56,59.3 1 0
PetPalApp/mocks/OrderService.go:59.8,60.24 1 0
PetPalApp/mocks/OrderService.go:60.24,62.4 1 0
PetPalApp/mocks/OrderService.go:65.2,65.49 1 0
PetPalApp/mocks/OrderService.go:65.49,67.3 1 0
PetPalApp/mocks/OrderService.go:67.8,69.3 1 0
PetPalApp/mocks/OrderService.go:71.2,71.15 1 0
PetPalApp/mocks/OrderService.go:75.79,78.19 2 0
PetPalApp/mocks/OrderService.go:78.19,79.59 1 0
PetPalApp/mocks/OrderService.go:82.2,84.66 3 0
PetPalApp/mocks/OrderService.go:84.66,86.3 1 0
PetPalApp/mocks/OrderService.go:87.2,87.57 1 0
PetPalApp/mocks/OrderService.go:87.57,89.3 1 0
PetPalApp/mocks/OrderService.go:89.8,90.24 1 0
PetPalApp/mocks/OrderService.go:90.24,92.4 1 0
PetPalApp/mocks/OrderService.go:95.2,95.49 1 0
PetPalApp/mocks/OrderService.go:95.49,97.3 1 0
PetPalApp/mocks/OrderService.go:97.8,99.3 1 0
PetPalApp/mocks/OrderService.go:101.2,101.15 1 0
PetPalApp/mocks/OrderService.go:105.73,108.19 2 0
PetPalApp/mocks/OrderService.go:108.19,109.56 1 0
PetPalApp/mocks/OrderService.go:112.2,114.67 3 0
PetPalApp/mocks/OrderService.go:114.67,116.3 1 0
PetPalApp/mocks/OrderService.go:117.2,117.58 1 0
PetPalApp/mocks/OrderService.go:117.58,119.3 1 0
PetPalApp/mocks/OrderService.go:119.8,120.24 1 0
PetPalApp/mocks/OrderService.go:120.24,122.4 1 0
PetPalApp/mocks/OrderService.go:125.2,125.49 1 0
PetPalApp/mocks/OrderService.go:125.49,127.3 1 0
PetPalApp/mocks/OrderService.go:127.8,129.3 1 0
PetPalApp/mocks/OrderService.go:131.2,131.15 1 0
PetPalApp/mocks/OrderService.go:139.18,143.19 3 0
PetPalApp/mocks/OrderService.go:143.19,143.49 1 0
PetPalApp/mocks/OrderService.go:145.2,145.13 1 0
PetPalApp/mocks/PaymentModel.go:17.78,20.19 2 0
PetPalApp/mocks/PaymentModel.go:20.19,21.48 1 0
PetPalApp/mocks/PaymentModel.go:24.2,26.79 3 0
PetPalApp/mocks/PaymentModel.go:26.79,28.3 1 0
PetPalApp/mocks/PaymentModel.go:29.2,29.70 1 0
PetPalApp/mocks/PaymentModel.go:29.70,31.3 1 0
PetPalApp/mocks/PaymentModel.go:31.8,33.3 1 0
PetPalApp/mocks/PaymentModel.go:35.2,35.60 1 0
PetPalApp/mocks/PaymentModel.go:35.60,37.3 1 0
PetPalApp/mocks/PaymentModel.go:37.8,39.3 1 0
PetPalApp/mocks/PaymentModel.go:41.2,41.15 1 0
PetPalApp/mocks/PaymentModel.go:45.76,48.19 2 0
PetPalApp/mocks/PaymentModel.go:48.19,49.54 1 0
PetPalApp/mocks/PaymentModel.go:52.2,54.67 3 0
PetPalApp/mocks/PaymentModel.go:54.67,56.3 1 0
PetPalApp/mocks/PaymentModel.go:57.2,57.58 1 0
PetPalApp/mocks/PaymentModel.go:57.58,59.3 1 0
PetPalApp/mocks/PaymentModel.go:59.8,60.24 1 0
PetPalApp/mocks/PaymentModel.go:60.24,62.4 1 0
PetPalApp/mocks/PaymentModel.go:65.2,65.49 1 0
PetPalApp/mocks/PaymentModel.go:65.49,67.3 1 0
PetPalApp/mocks/PaymentModel.go:67.8,69.3 1 0
PetPalApp/mocks/PaymentModel.go:71.2,71.15 1 0
PetPalApp/mocks/PaymentModel.go:75.82,78.19 2 0
PetPalApp/mocks/PaymentModel.go:78.19,79.56 1 0
PetPalApp/mocks/PaymentModel.go:82.2,84.69 3 0
PetPalApp/mocks/PaymentModel.go:84.69,86.3 1 0
PetPalApp/mocks/PaymentModel.go:87.2,87.60 1 0
PetPalApp/mocks/PaymentModel.go:87.60,89.3 1 0
PetPalApp/mocks/PaymentModel.go:89.8,90.24 1 0
PetPalApp/mocks/PaymentModel.go:90.24,92.4 1 0
PetPalApp/mocks/PaymentModel.go:95.2,95.49 1 0
PetPalApp/mocks/PaymentModel.go:95.49,97.3 1 0
PetPalApp/mocks/PaymentModel.go:97.8,99.3 1 0
PetPalApp/mocks/PaymentModel.go:101.2,101.15 1 0
PetPalApp/mocks/PaymentModel.go:105.74,108.19 2 0
PetPalApp/mocks/PaymentModel.go:108.19,109.53 1 0
PetPalApp/mocks/PaymentModel.go:112.2,114.66 3 0
PetPalApp/mocks/PaymentModel.go:114.66,116.3 1 0
PetPalApp/mocks/PaymentModel.go:117.2,117.57 1 0
PetPalApp/mocks/PaymentModel.go:117.57,119.3 1 0
PetPalApp/mocks/PaymentModel.go:119.8,120.24 1 0
PetPalApp/mocks/PaymentModel.go:120.24,122.4 1 0
PetPalApp/mocks/PaymentModel.go:125.2,125.49 1 0
PetPalApp/mocks/PaymentModel.go:125.49,127.3 1 0
PetPalApp/mocks/PaymentModel.go:127.8,129.3 1 0
PetPalApp/mocks/PaymentModel.go:131.2,131.15 1 0
PetPalApp/mocks/PaymentModel.go:139.18,143.19 3 0
PetPalApp/mocks/PaymentModel.go:143.19,143.49 1 0
PetPalApp/mocks/PaymentModel.go:145.2,145.13 1 0
PetPalApp/mocks/PaymentService.go:17.87,20.19 2 0
PetPalApp/mocks/PaymentService.go:20.19,21.55 1 0
PetPalApp/mocks/PaymentService.go:24.2,26.79 3 0
PetPalApp/mocks/PaymentService.go:26.79,28.3 1 0
PetPalApp/mocks/PaymentService.go:29.2,29.70 1 0
PetPalApp/mocks/PaymentService.go:29.70,31.3 1 0
PetPalApp/mocks/PaymentService.go:31.8,33.3 1 0
PetPalApp/mocks/PaymentService.go:35.2,35.60 1 0
PetPalApp/mocks/PaymentService.go:35.60,37.3 1 0
PetPalApp/mocks/PaymentService.go:37.8,39.3 1 0
PetPalApp/mocks/PaymentService.go:41.2,41.15 1 0
PetPalApp/mocks/PaymentService.go:45.73,48.19 2 0
PetPalApp/mocks/PaymentService.go:48.19,49.54 1 0
PetPalApp/mocks/PaymentService.go:52.2,54.67 3 0
PetPalApp/mocks/PaymentService.go:54.67,56.3 1 0
PetPalApp/mocks/PaymentService.go:57.2,57.58 1 0
PetPalApp/mocks/PaymentService.go:57.58,59.3 1 0
PetPalApp/mocks/PaymentService.go:59.8,60.24 1 0
PetPalApp/mocks/PaymentService.go:60.24,62.4 1 0
PetPalApp/mocks/PaymentService.go:65.2,65.49 1 0
PetPalApp/mocks/PaymentService.go:65.49,67.3 1 0
PetPalApp/mocks/PaymentService.go:67.8,69.3 1 0
PetPalApp/mocks/PaymentService.go:71.2,71.15 1 0
PetPalApp/mocks/PaymentService.go:75.77,78.19 2 0
PetPalApp/mocks/PaymentService.go:78.19,79.56 1 0
PetPalApp/mocks/PaymentService.go:82.2,84.69 3 0
PetPalApp/mocks/PaymentService.go:84.69,86.3 1 0
PetPalApp/mocks/PaymentService.go:87.2,87.60 1 0
PetPalApp/mocks/PaymentService.go:87.60,89.3 1 0
PetPalApp/mocks/PaymentService.go:89.8,90.24 1 0
PetPalApp/mocks/PaymentService.go:90.24,92.4 1 0
PetPalApp/mocks/PaymentService.go:95.2,95.49 1 0
PetPalApp/mocks/PaymentService.go:95.49,97.3 1 0
PetPalApp/mocks/PaymentService.go:97.8,99.3 1 0
PetPalApp/mocks/PaymentService.go:101.2,101.15 1 0
PetPalApp/mocks/PaymentService.go:105.71,108.19 2 0
PetPalApp/mocks/PaymentService.go:108.19,109.53 1 0
PetPalApp/mocks/PaymentService.go:112.2,114.66 3 0
PetPalApp/mocks/PaymentService.go:114.66,116.3 1 0
PetPalApp/mocks/PaymentService.go:117.2,117.57 1 0
PetPalApp/mocks/PaymentService.go:117.57,119.3 1 0
PetPalApp/mocks/PaymentService.go:119.8,120.24 1 0
PetPalApp/mocks/PaymentService.go:120.24,122.4 1 0
PetPalApp/mocks/PaymentService.go:125.2,125.49 1 0
PetPalApp/mocks/PaymentService.go:125.49,127.3 1 0
PetPalApp/mocks/PaymentService.go:127.8,129.3 1 0
PetPalApp/mocks/PaymentService.go:131.2,131.15 1 0
PetPalApp/mocks/PaymentService.go:139.20,143.19 3 0
PetPalApp/mocks/PaymentService.go:143.19,143.49 1 0
PetPalApp/mocks/PaymentService.go:145.2,145.13 1 0
PetPalApp/mocks/ProductModel.go:17.60,20.19 2 0
PetPalApp/mocks/ProductModel.go:20.19,21.48 1 0
PetPalApp/mocks/ProductModel.go:24.2,25.55 2 0
PetPalApp/mocks/ProductModel.go:25.55,27.3 1 0
PetPalApp/mocks/ProductModel.go:27.8,29.3 1 0
PetPalApp/mocks/ProductModel.go:31.2,31.11 1 0
PetPalApp/mocks/ProductModel.go:35.58,38.19 2 0
PetPalApp/mocks/ProductModel.go:38.19,39.48 1 0
PetPalApp/mocks/ProductModel.go:42.2,43.57 2 0
PetPalApp/mocks/ProductModel.go:43.57,45.3 1 0
PetPalApp/mocks/ProductModel.go:45.8,47.3 1 0
PetPalApp/mocks/ProductModel.go:49.2,49.11 1 0
PetPalApp/mocks/ProductModel.go:53.81,56.19 2 0
PetPalApp/mocks/ProductModel.go:56.19,57.49 1 0
PetPalApp/mocks/ProductModel.go:60.2,61.69 2 0
PetPalApp/mocks/ProductModel.go:61.69,63.3 1 0
PetPalApp/mocks/ProductModel.go:63.8,65.3 1 0
PetPalApp/mocks/ProductModel.go:67.2,67.11 1 0
PetPalApp/mocks/ProductModel.go:71.100,74.19 2 0
PetPalApp/mocks/ProductModel.go:74.19,75.51 1 0
PetPalApp/mocks/ProductModel.go:78.2,80.81 3 0
PetPalApp/mocks/ProductModel.go:80.81,82.3 1 0
PetPalApp/mocks/ProductModel.go:83.2,83.72 1 0
PetPalApp/mocks/ProductModel.go:83.72,85.3 1 0
PetPalApp/mocks/ProductModel.go:85.8,86.24 1 0
PetPalApp/mocks/ProductModel.go:86.24,88.4 1 0
PetPalApp/mocks/ProductModel.go:91.2,91.63 1 0
PetPalApp/mocks/ProductModel.go:91.63,93.3 1 0
PetPalApp/mocks/ProductModel.go:93.8,95.3 1 0
PetPalApp/mocks/ProductModel.go:97.2,97.15 1 0
PetPalApp/mocks/ProductModel.go:101.102,104.19 2 0
PetPalApp/mocks/ProductModel.go:104.19,105.56 1 0
PetPalApp/mocks/ProductModel.go:108.2,110.79 3 0
PetPalApp/mocks/ProductModel.go:110.79,112.3 1 0
PetPalApp/mocks/ProductModel.go:113.2,113.70 1 0
PetPalApp/mocks/ProductModel.go:113.70,115.3 1 0
PetPalApp/mocks/ProductModel.go:115.8,116.24 1 0
PetPalApp/mocks/ProductModel.go:116.24,118.4 1 0
PetPalApp/mocks/ProductModel.go:121.2,121.61 1 0
PetPalApp/mocks/ProductModel.go:121.61,123.3 1 0
PetPalApp/mocks/ProductModel.go:123.8,125.3 1 0
PetPalApp/mocks/ProductModel.go:127.2,127.15 1 0
PetPalApp/mocks/ProductModel.go:131.121,134.19 2 0
PetPalApp/mocks/ProductModel.go:134.19,135.62 1 0
PetPalApp/mocks/ProductModel.go:138.2,140.87 3 0
PetPalApp/mocks/ProductModel.go:140.87,142.3 1 0
PetPalApp/mocks/ProductModel.go:143.2,143.78 1 0
PetPalApp/mocks/ProductModel.go:143.78,145.3 1 0
PetPalApp/mocks/ProductModel.go:145.8,146.24 1 0
PetPalApp/mocks/ProductModel.go:146.24,148.4 1 0
PetPalApp/mocks/ProductModel.go:151.2,151.69 1 0
PetPalApp/mocks/ProductModel.go:151.69,153.3 1 0
PetPalApp/mocks/ProductModel.go:153.8,155.3 1 0
PetPalApp/mocks/ProductModel.go:157.2,157.15 1 0
PetPalApp/mocks/ProductModel.go:161.68,164.19 2 0
PetPalApp/mocks/ProductModel.go:164.19,165.52 1 0
PetPalApp/mocks/ProductModel.go:168.2,170.66 3 0
PetPalApp/mocks/ProductModel.go:170.66,172.3 1 0
PetPalApp/mocks/ProductModel.go:173.2,173.57 1 0
PetPalApp/mocks/ProductModel.go:173.57,175.3 1 0
PetPalApp/mocks/ProductModel.go:175.8,176.24 1 0
PetPalApp/mocks/ProductModel.go:176.24,178.4 1 0
PetPalApp/mocks/ProductModel.go:181.2,181.49 1 0
PetPalApp/mocks/ProductModel.go:181.49,183.3 1 0
PetPalApp/mocks/ProductModel.go:183.8,185.3 1 0
PetPalApp/mocks/ProductModel.go:187.2,187.15 1 0
PetPalApp/mocks/ProductModel.go:191.86,194.19 2 0
PetPalApp/mocks/ProductModel.go:194.19,195.57 1 0
PetPalApp/mocks/ProductModel.go:198.2,200.72 3 0
PetPalApp/mocks/ProductModel.go:200.72,202.3 1 0
PetPalApp/mocks/ProductModel.go:203.2,203.63 1 0
PetPalApp/mocks/ProductModel.go:203.63,205.3 1 0
PetPalApp/mocks/ProductModel.go:205.8,206.24 1 0
PetPalApp/mocks/ProductModel.go:206.24,208.4 1 0
PetPalApp/mocks/ProductModel.go:211.2,211.55 1 0
PetPalApp/mocks/ProductModel.go:211.55,213.3 1 0
PetPalApp/mocks/ProductModel.go:213.8,215.3 1 0
PetPalApp/mocks/ProductModel.go:217.2,217.15 1 0
PetPalApp/mocks/ProductModel.go:221.116,224.19 2 0
PetPalApp/mocks/ProductModel.go:224.19,225.54 1 0
PetPalApp/mocks/ProductModel.go:228.2,230.89 3 0
PetPalApp/mocks/ProductModel.go:230.89,232.3 1 0
PetPalApp/mocks/ProductModel.go:233.2,233.80 1 0
PetPalApp/mocks/ProductModel.go:233.80,235.3 1 0
PetPalApp/mocks/ProductModel.go:235.8,236.24 1 0
PetPalApp/mocks/ProductModel.go:236.24,238.4 1 0
PetPalApp/mocks/ProductModel.go:241.2,241.71 1 0
PetPalApp/mocks/ProductModel.go:241.71,243.3 1 0
PetPalApp/mocks/ProductModel.go:243.8,245.3 1 0
PetPalApp/mocks/ProductModel.go:247.2,247.15 1 0
PetPalApp/mocks/ProductModel.go:251.72,254.19 2 0
PetPalApp/mocks/ProductModel.go:254.19,255.52 1 0
PetPalApp/mocks/ProductModel.go:258.2,260.66 3 0
PetPalApp/mocks/ProductModel.go:260.66,262.3 1 0
PetPalApp/mocks/ProductModel.go:263.2,263.57 1 0
PetPalApp/mocks/ProductModel.go:263.57,265.3 1 0
PetPalApp/mocks/ProductModel.go:265.8,266.24 1 0
PetPalApp/mocks/ProductModel.go:266.24,268.4 1 0
PetPalApp/mocks/ProductModel.go:271.2,271.49 1 0
PetPalApp/mocks/ProductModel.go:271.49,273.3 1 0
PetPalApp/mocks/ProductModel.go:273.8,275.3 1 0
PetPalApp/mocks/ProductModel.go:277.2,277.15 1 0
PetPalApp/mocks/ProductModel.go:285.18,289.19 3 0
PetPalApp/mocks/ProductModel.go:289.19,289.49 1 0
PetPalApp/mocks/ProductModel.go:291.2,291.13 1 0
PetPalApp/mocks/ProductService.go:18.119,21.19 2 0
PetPalApp/mocks/ProductService.go:21.19,22.48 1 0
PetPalApp/mocks/ProductService.go:25.2,27.92 3 0
PetPalApp/mocks/ProductService.go:27.92,29.3 1 0
PetPalApp/mocks/ProductService.go:30.2,30.83 1 0
PetPalApp/mocks/ProductService.go:30.83,32.3 1 0
PetPalApp/mocks/ProductService.go:32.8,34.3 1 0
PetPalApp/mocks/ProductService.go:36.2,36.82 1 0
PetPalApp/mocks/ProductService.go:36.82,38.3 1 0
PetPalApp/mocks/ProductService.go:38.8,40.3 1 0
PetPalApp/mocks/ProductService.go:42.2,42.15 1 0
PetPalApp/mocks/ProductService.go:46.62,49.19 2 0
PetPalApp/mocks/ProductService.go:49.19,50.48 1 0
PetPalApp/mocks/ProductService.go:53.2,54.55 2 0
PetPalApp/mocks/ProductService.go:54.55,56.3 1 0
PetPalApp/mocks/ProductService.go:56.8,58.3 1 0
PetPalApp/mocks/ProductService.go:60.2,60.11 1 0
PetPalApp/mocks/ProductService.go:64.125,67.19 2 0
PetPalApp/mocks/ProductService.go:67.19,68.48 1 0
PetPalApp/mocks/ProductService.go:71.2,73.95 3 0
PetPalApp/mocks/ProductService.go:73.95,75.3 1 0
PetPalApp/mocks/ProductService.go:76.2,76.86 1 0
PetPalApp/mocks/ProductService.go:76.86,78.3 1 0
PetPalApp/mocks/ProductService.go:78.8,79.24 1 0
PetPalApp/mocks/ProductService.go:79.24,81.4 1 0
PetPalApp/mocks/ProductService.go:84.2,84.77 1 0
PetPalApp/mocks/ProductService.go:84.77,86.3 1 0
PetPalApp/mocks/ProductService.go:86.8,88.3 1 0
PetPalApp/mocks/ProductService.go:90.2,90.15 1 0
PetPalApp/mocks/ProductService.go:94.87,97.19 2 0
PetPalApp/mocks/ProductService.go:97.19,98.56 1 0
PetPalApp/mocks/ProductService.go:101.2,103.72 3 0
PetPalApp/mocks/ProductService.go:103.72,105.3 1 0
PetPalApp/mocks/ProductService.go:106.2,106.63 1 0
PetPalApp/mocks/ProductService.go:106.63,108.3 1 0
PetPalApp/mocks/ProductService.go:108.8,109.24 1 0
PetPalApp/mocks/ProductService.go:109.24,111.4 1 0
PetPalApp/mocks/ProductService.go:114.2,114.55 1 0
PetPalApp/mocks/ProductService.go:114.55,116.3 1 0
PetPalApp/mocks/ProductService.go:116.8,118.3 1 0
PetPalApp/mocks/ProductService.go:120.2,120.15 1 0
PetPalApp/mocks/ProductService.go:124.148,127.19 2 0
PetPalApp/mocks/ProductService.go:127.19,128.58 1 0
PetPalApp/mocks/ProductService.go:131.2,133.103 3 0
PetPalApp/mocks/ProductService.go:133.103,135.3 1 0
PetPalApp/mocks/ProductService.go:136.2,136.94 1 0
PetPalApp/mocks/ProductService.go:136.94,138.3 1 0
PetPalApp/mocks/ProductService.go:138.8,139.24 1 0
PetPalApp/mocks/ProductService.go:139.24,141.4 1 0
PetPalApp/mocks/ProductService.go:144.2,144.85 1 0
PetPalApp/mocks/ProductService.go:144.85,146.3 1 0
PetPalApp/mocks/ProductService.go:146.8,148.3 1 0
PetPalApp/mocks/ProductService.go:150.2,150.15 1 0
PetPalApp/mocks/ProductService.go:154.136,157.19 2 0
PetPalApp/mocks/ProductService.go:157.19,158.52 1 0
PetPalApp/mocks/ProductService.go:161.2,163.98 3 0
PetPalApp/mocks/ProductService.go:163.98,165.3 1 0
PetPalApp/mocks/ProductService.go:166.2,166.89 1 0
PetPalApp/mocks/ProductService.go:166.89,168.3 1 0
PetPalApp/mocks/ProductService.go:168.8,170.3 1 0
PetPalApp/mocks/ProductService.go:172.2,172.88 1 0
PetPalApp/mocks/ProductService.go:172.88,174.3 1 0
PetPalApp/mocks/ProductService.go:174.8,176.3 1 0
PetPalApp/mocks/ProductService.go:178.2,178.15 1 0
PetPalApp/mocks/ProductService.go:186.20,190.19 3 0
PetPalApp/mocks/ProductService.go:190.19,190.49 1 0
PetPalApp/mocks/ProductService.go:192.2,192.13 1 0
PetPalApp/mocks/UserModel.go:17.44,20.19 2 0
PetPalApp/mocks/UserModel.go:20.19,21.48 1 0
PetPalApp/mocks/UserModel.go:24.2,25.49 2 0
PetPalApp/mocks/UserModel.go:25.49,27.3 1 0
PetPalApp/mocks/UserModel.go:27.8,29.3 1 0
PetPalApp/mocks/UserModel.go:31.2,31.11 1 0
PetPalApp/mocks/UserModel.go:35.52,38.19 2 0
PetPalApp/mocks/UserModel.go:38.19,39.48 1 0
PetPalApp/mocks/UserModel.go:42.2,43.54 2 0
PetPalApp/mocks/UserModel.go:43.54,45.3 1 0
PetPalApp/mocks/UserModel.go:45.8,47.3 1 0
PetPalApp/mocks/UserModel.go:49.2,49.11 1 0
PetPalApp/mocks/UserModel.go:53.62,56.19 2 0
PetPalApp/mocks/UserModel.go:56.19,57.49 1 0
PetPalApp/mocks/UserModel.go:60.2,61.60 2 0
PetPalApp/mocks/UserModel.go:61.60,63.3 1 0
PetPalApp/mocks/UserModel.go:63.8,65.3 1 0
PetPalApp/mocks/UserModel.go:67.2,67.11 1 0
PetPalApp/mocks/UserModel.go:71.70,74.19 2 0
PetPalApp/mocks/UserModel.go:74.19,75.55 1 0
PetPalApp/mocks/UserModel.go:78.2,80.65 3 0
PetPalApp/mocks/UserModel.go:80.65,82.3 1 0
PetPalApp/mocks/UserModel.go:83.2,83.56 1 0
PetPalApp/mocks/UserModel.go:83.56,85.3 1 0
PetPalApp/mocks/UserModel.go:85.8,86.24 1 0
PetPalApp/mocks/UserModel.go:86.24,88.4 1 0
PetPalApp/mocks/UserModel.go:91.2,91.51 1 0
PetPalApp/mocks/UserModel.go:91.51,93.3 1 0
PetPalApp/mocks/UserModel.go:93.8,95.3 1 0
PetPalApp/mocks/UserModel.go:97.2,97.15 1 0
PetPalApp/mocks/UserModel.go:101.62,104.19 2 0
PetPalApp/mocks/UserModel.go:104.19,105.52 1 0
PetPalApp/mocks/UserModel.go:108.2,110.63 3 0
PetPalApp/mocks/UserModel.go:110.63,112.3 1 0
PetPalApp/mocks/UserModel.go:113.2,113.54 1 0
PetPalApp/mocks/UserModel.go:113.54,115.3 1 0
PetPalApp/mocks/UserModel.go:115.8,116.24 1 0
PetPalApp/mocks/UserModel.go:116.24,118.4 1 0
PetPalApp/mocks/UserModel.go:121.2,121.49 1 0
PetPalApp/mocks/UserModel.go:121.49,123.3 1 0
PetPalApp/mocks/UserModel.go:123.8,125.3 1 0
PetPalApp/mocks/UserModel.go:127.2,127.15 1 0
PetPalApp/mocks/UserModel.go:135.15,139.19 3 0
PetPalApp/mocks/UserModel.go:139.19,139.49 1 0
PetPalApp/mocks/UserModel.go:141.2,141.13 1 0
PetPalApp/mocks/UserService.go:18.54,21.19 2 0
PetPalApp/mocks/UserService.go:21.19,22.48 1 0
PetPalApp/mocks/UserService.go:25.2,26.54 2 0
PetPalApp/mocks/UserService.go:26.54,28.3 1 0
PetPalApp/mocks/UserService.go:28.8,30.3 1 0
PetPalApp/mocks/UserService.go:32.2,32.11 1 0
PetPalApp/mocks/UserService.go:36.46,39.19 2 0
PetPalApp/mocks/UserService.go:39.19,40.48 1 0
PetPalApp/mocks/UserService.go:43.2,44.49 2 0
PetPalApp/mocks/UserService.go:44.49,46.3 1 0
PetPalApp/mocks/UserService.go:46.8,48.3 1 0
PetPalApp/mocks/UserService.go:50.2,50.11 1 0
PetPalApp/mocks/UserService.go:54.64,57.19 2 0
PetPalApp/mocks/UserService.go:57.19,58.52 1 0
PetPalApp/mocks/UserService.go:61.2,63.63 3 0
PetPalApp/mocks/UserService.go:63.63,65.3 1 0
PetPalApp/mocks/UserService.go:66.2,66.54 1 0
PetPalApp/mocks/UserService.go:66.54,68.3 1 0
PetPalApp/mocks/UserService.go:68.8,69.24 1 0
PetPalApp/mocks/UserService.go:69.24,71.4 1 0
PetPalApp/mocks/UserService.go:74.2,74.49 1 0
PetPalApp/mocks/UserService.go:74.49,76.3 1 0
PetPalApp/mocks/UserService.go:76.8,78.3 1 0
PetPalApp/mocks/UserService.go:80.2,80.15 1 0
PetPalApp/mocks/UserService.go:84.89,87.19 2 0
PetPalApp/mocks/UserService.go:87.19,88.47 1 0
PetPalApp/mocks/UserService.go:91.2,94.81 4 0
PetPalApp/mocks/UserService.go:94.81,96.3 1 0
PetPalApp/mocks/UserService.go:97.2,97.64 1 0
PetPalApp/mocks/UserService.go:97.64,99.3 1 0
PetPalApp/mocks/UserService.go:99.8,100.24 1 0
PetPalApp/mocks/UserService.go:100.24,102.4 1 0
PetPalApp/mocks/UserService.go:105.2,105.60 1 0
PetPalApp/mocks/UserService.go:105.60,107.3 1 0
PetPalApp/mocks/UserService.go:107.8,109.3 1 0
PetPalApp/mocks/UserService.go:111.2,111.59 1 0
PetPalApp/mocks/UserService.go:111.59,113.3 1 0
PetPalApp/mocks/UserService.go:113.8,115.3 1 0
PetPalApp/mocks/UserService.go:117.2,117.19 1 0
PetPalApp/mocks/UserService.go:121.117,124.19 2 0
PetPalApp/mocks/UserService.go:124.19,125.52 1 0
PetPalApp/mocks/UserService.go:128.2,130.89 3 0
PetPalApp/mocks/UserService.go:130.89,132.3 1 0
PetPalApp/mocks/UserService.go:133.2,133.80 1 0
PetPalApp/mocks/UserService.go:133.80,135.3 1 0
PetPalApp/mocks/UserService.go:135.8,137.3 1 0
PetPalApp/mocks/UserService.go:139.2,139.79 1 0
PetPalApp/mocks/UserService.go:139.79,141.3 1 0
PetPalApp/mocks/UserService.go:141.8,143.3 1 0
PetPalApp/mocks/UserService.go:145.2,145.15 1 0
PetPalApp/mocks/UserService.go:153.17,157.19 3 0
PetPalApp/mocks/UserService.go:157.19,157.49 1 0
PetPalApp/mocks/UserService.go:159.2,159.13 1 0
PetPalApp/utils/helperuser/helperuser.go:11.45,13.2 1 0
PetPalApp/utils/helperuser/helperuser.go:15.68,16.17 1 0
PetPalApp/utils/helperuser/helperuser.go:16.17,18.3 1 0
PetPalApp/utils/helperuser/helperuser.go:19.2,19.15 1 0
PetPalApp/utils/helperuser/helperuser.go:22.58,23.14 1 0
PetPalApp/utils/helperuser/helperuser.go:23.14,25.3 1 0
PetPalApp/utils/helperuser/helperuser.go:26.2,26.11 1 0
